[ 2013-01-17T17:12:48+08:00 ] 127.0.0.1 /Admin/index.php/Index/index
INFO: [ view_template ] --START--
INFO: Run LocationTemplate Behavior [ RunTime:0.000877s ]
INFO: [ view_template ] --END-- [ RunTime:0.000980s ]
INFO: [ view_parse ] --START--
INFO: Run ParseTemplate Behavior [ RunTime:0.024577s ]
INFO: [ view_parse ] --END-- [ RunTime:0.024673s ]
INFO: [ view_filter ] --START--
INFO: Run ContentReplace Behavior [ RunTime:0.001044s ]
INFO: Run TokenBuild Behavior [ RunTime:0.000591s ]
INFO: Run WriteHtmlCache Behavior [ RunTime:0.000369s ]
INFO: Run ShowRuntime Behavior [ RunTime:0.000563s ]
INFO: [ view_filter ] --END-- [ RunTime:0.002834s ]
INFO: [ view_end ] --START--
INFO: Run ShowPageTrace Behavior [ RunTime:0.000633s ]
INFO: [ view_end ] --END-- [ RunTime:0.000710s ]

[ 2013-01-17T17:12:51+08:00 ] 127.0.0.1 /Admin/index.php/Node/index/?_=1358413971629
INFO: [ app_begin ] --START--
INFO: Run ReadHtmlCache Behavior [ RunTime:0.000804s ]
INFO: [ app_begin ] --END-- [ RunTime:0.000922s ]
SQL: SHOW COLUMNS FROM `group` [ RunTime:0.003066s ]
SQL: SELECT `id`,`title` FROM `group` WHERE ( status=1 )  [ RunTime:0.000218s ]
SQL: SHOW COLUMNS FROM `node` [ RunTime:0.003023s ]
NOTIC: [8] Undefined index: pid D:\www\dpms\Admin\Lib\Action\NodeAction.class.php 第 11 行.
SQL: SHOW COLUMNS FROM `node` [ RunTime:0.003411s ]
SQL: SELECT * FROM `node` WHERE ( `id` = 0 ) LIMIT 1   [ RunTime:0.000537s ]
SQL: SELECT COUNT(id) AS tp_count FROM `node` WHERE ( `pid` = 0 ) LIMIT 1   [ RunTime:0.000584s ]
SQL: SELECT * FROM `node` WHERE ( `pid` = 0 ) ORDER BY `id` desc LIMIT 0,20   [ RunTime:0.000355s ]
INFO: [ view_template ] --START--
INFO: Run LocationTemplate Behavior [ RunTime:0.018879s ]
INFO: [ view_template ] --END-- [ RunTime:0.018985s ]
INFO: [ view_parse ] --START--
NOTIC: [8] Undefined index: _order D:\www\dpms\Admin\Runtime\Cache\fc73575304ffe6a06a61dd52ee406a2c.php 第 3 行.
NOTIC: [8] Undefined index: _sort D:\www\dpms\Admin\Runtime\Cache\fc73575304ffe6a06a61dd52ee406a2c.php 第 4 行.
NOTIC: [8] Undefined index: _order D:\www\dpms\Admin\Runtime\Cache\fc73575304ffe6a06a61dd52ee406a2c.php 第 39 行.
NOTIC: [8] Undefined index: _order D:\www\dpms\Admin\Runtime\Cache\fc73575304ffe6a06a61dd52ee406a2c.php 第 40 行.
NOTIC: [8] Undefined index: _order D:\www\dpms\Admin\Runtime\Cache\fc73575304ffe6a06a61dd52ee406a2c.php 第 43 行.
NOTIC: [8] Undefined index: _order D:\www\dpms\Admin\Runtime\Cache\fc73575304ffe6a06a61dd52ee406a2c.php 第 44 行.
NOTIC: [8] Undefined index: sequence D:\www\dpms\Admin\Runtime\Cache\fc73575304ffe6a06a61dd52ee406a2c.php 第 54 行.
NOTIC: [8] Use of undefined constant WEB_PUBLIC_PATH - assumed 'WEB_PUBLIC_PATH' D:\www\dpms\Admin\Common\common.php 第 70 行.
INFO: Run ParseTemplate Behavior [ RunTime:0.016981s ]
INFO: [ view_parse ] --END-- [ RunTime:0.017057s ]
INFO: [ view_filter ] --START--
INFO: Run ContentReplace Behavior [ RunTime:0.000497s ]
INFO: Run TokenBuild Behavior [ RunTime:0.001128s ]
INFO: Run WriteHtmlCache Behavior [ RunTime:0.000519s ]
INFO: Run ShowRuntime Behavior [ RunTime:0.000685s ]
INFO: [ view_filter ] --END-- [ RunTime:0.003034s ]
INFO: [ view_end ] --START--
INFO: Run ShowPageTrace Behavior [ RunTime:0.000595s ]
INFO: [ view_end ] --END-- [ RunTime:0.000677s ]

[ 2013-01-17T17:12:51+08:00 ] ERR: (ThinkException) 非法操作:WEB_PUBLIC_PATH
