[ 2013-02-21T21:36:20+08:00 ] 127.0.0.1 /Admin/index.php/Index/index
INFO: [ view_template ] --START--
INFO: Run LocationTemplate Behavior [ RunTime:0.001034s ]
INFO: [ view_template ] --END-- [ RunTime:0.001201s ]
INFO: [ view_parse ] --START--
INFO: Run ParseTemplate Behavior [ RunTime:0.018451s ]
INFO: [ view_parse ] --END-- [ RunTime:0.018611s ]
INFO: [ view_filter ] --START--
INFO: Run ContentReplace Behavior [ RunTime:0.000801s ]
INFO: Run TokenBuild Behavior [ RunTime:0.000660s ]
INFO: Run WriteHtmlCache Behavior [ RunTime:0.000468s ]
INFO: Run ShowRuntime Behavior [ RunTime:0.000816s ]
INFO: [ view_filter ] --END-- [ RunTime:0.003198s ]
INFO: [ view_end ] --START--
INFO: Run ShowPageTrace Behavior [ RunTime:0.000937s ]
INFO: [ view_end ] --END-- [ RunTime:0.001082s ]

[ 2013-02-21T21:36:23+08:00 ] 127.0.0.1 /Admin/index.php/Materials/index/?_=1361453782069
INFO: [ app_begin ] --START--
INFO: Run ReadHtmlCache Behavior [ RunTime:0.004691s ]
INFO: [ app_begin ] --END-- [ RunTime:0.004865s ]
SQL: SHOW COLUMNS FROM `dd_provider` [ RunTime:0.142122s ]
SQL: SELECT `id` FROM `dd_provider` WHERE ( flag=1 ) LIMIT 1   [ RunTime:0.000517s ]
SQL: SHOW COLUMNS FROM `dd_provider` [ RunTime:0.022882s ]
SQL: SELECT COUNT(id) AS tp_count FROM `dd_provider` LIMIT 1   [ RunTime:0.000453s ]
SQL: SELECT * FROM `dd_provider` ORDER BY `id` desc LIMIT 0,20   [ RunTime:0.000379s ]
INFO: [ view_template ] --START--
INFO: Run LocationTemplate Behavior [ RunTime:0.000886s ]
INFO: [ view_template ] --END-- [ RunTime:0.001006s ]
INFO: [ view_parse ] --START--
NOTIC: [8] Undefined index: _order D:\www\ddpms\ddpms\Admin\Runtime\Cache\4c3d88ae25e1912550252f07f56b2eec.php 第 3 行.
NOTIC: [8] Undefined index: _sort D:\www\ddpms\ddpms\Admin\Runtime\Cache\4c3d88ae25e1912550252f07f56b2eec.php 第 4 行.
NOTIC: [8] Undefined index: _order D:\www\ddpms\ddpms\Admin\Runtime\Cache\4c3d88ae25e1912550252f07f56b2eec.php 第 36 行.
NOTIC: [8] Undefined index: _order D:\www\ddpms\ddpms\Admin\Runtime\Cache\4c3d88ae25e1912550252f07f56b2eec.php 第 37 行.
NOTIC: [8] Undefined index: _order D:\www\ddpms\ddpms\Admin\Runtime\Cache\4c3d88ae25e1912550252f07f56b2eec.php 第 40 行.
NOTIC: [8] Undefined index: _order D:\www\ddpms\ddpms\Admin\Runtime\Cache\4c3d88ae25e1912550252f07f56b2eec.php 第 41 行.
INFO: Run ParseTemplate Behavior [ RunTime:0.014340s ]
INFO: [ view_parse ] --END-- [ RunTime:0.014458s ]
INFO: [ view_filter ] --START--
INFO: Run ContentReplace Behavior [ RunTime:0.000685s ]
INFO: Run TokenBuild Behavior [ RunTime:0.000645s ]
INFO: Run WriteHtmlCache Behavior [ RunTime:0.000520s ]
INFO: Run ShowRuntime Behavior [ RunTime:0.000897s ]
INFO: [ view_filter ] --END-- [ RunTime:0.003114s ]
INFO: [ view_end ] --START--
INFO: Run ShowPageTrace Behavior [ RunTime:0.000890s ]
INFO: [ view_end ] --END-- [ RunTime:0.000999s ]

[ 2013-02-21T21:48:56+08:00 ] 127.0.0.1 /Admin/index.php/Index/index
INFO: [ view_template ] --START--
INFO: Run LocationTemplate Behavior [ RunTime:0.002487s ]
INFO: [ view_template ] --END-- [ RunTime:0.002924s ]
INFO: [ view_parse ] --START--
INFO: Run ParseTemplate Behavior [ RunTime:0.040466s ]
INFO: [ view_parse ] --END-- [ RunTime:0.040767s ]
INFO: [ view_filter ] --START--
INFO: Run ContentReplace Behavior [ RunTime:0.000959s ]
INFO: Run TokenBuild Behavior [ RunTime:0.000813s ]
INFO: Run WriteHtmlCache Behavior [ RunTime:0.000580s ]
INFO: Run ShowRuntime Behavior [ RunTime:0.000899s ]
INFO: [ view_filter ] --END-- [ RunTime:0.003754s ]
INFO: [ view_end ] --START--
INFO: Run ShowPageTrace Behavior [ RunTime:0.001018s ]
INFO: [ view_end ] --END-- [ RunTime:0.001166s ]

[ 2013-02-21T21:49:01+08:00 ] 127.0.0.1 /Admin/index.php/Index/index
INFO: [ view_template ] --START--
INFO: Run LocationTemplate Behavior [ RunTime:0.000906s ]
INFO: [ view_template ] --END-- [ RunTime:0.001046s ]
INFO: [ view_parse ] --START--
INFO: Run ParseTemplate Behavior [ RunTime:0.015624s ]
INFO: [ view_parse ] --END-- [ RunTime:0.015782s ]
INFO: [ view_filter ] --START--
INFO: Run ContentReplace Behavior [ RunTime:0.000744s ]
INFO: Run TokenBuild Behavior [ RunTime:0.000678s ]
INFO: Run WriteHtmlCache Behavior [ RunTime:0.000620s ]
INFO: Run ShowRuntime Behavior [ RunTime:0.000795s ]
INFO: [ view_filter ] --END-- [ RunTime:0.003217s ]
INFO: [ view_end ] --START--
INFO: Run ShowPageTrace Behavior [ RunTime:0.000861s ]
INFO: [ view_end ] --END-- [ RunTime:0.000988s ]

[ 2013-02-21T21:49:07+08:00 ] 127.0.0.1 /Admin/
INFO: [ view_template ] --START--
INFO: Run LocationTemplate Behavior [ RunTime:0.001602s ]
INFO: [ view_template ] --END-- [ RunTime:0.001822s ]
INFO: [ view_parse ] --START--
INFO: Run ParseTemplate Behavior [ RunTime:0.022046s ]
INFO: [ view_parse ] --END-- [ RunTime:0.022218s ]
INFO: [ view_filter ] --START--
INFO: Run ContentReplace Behavior [ RunTime:0.000789s ]
INFO: Run TokenBuild Behavior [ RunTime:0.000675s ]
INFO: Run WriteHtmlCache Behavior [ RunTime:0.000551s ]
INFO: Run ShowRuntime Behavior [ RunTime:0.000898s ]
INFO: [ view_filter ] --END-- [ RunTime:0.003271s ]
INFO: [ view_end ] --START--
INFO: Run ShowPageTrace Behavior [ RunTime:0.001093s ]
INFO: [ view_end ] --END-- [ RunTime:0.001225s ]

[ 2013-02-21T21:49:49+08:00 ] 127.0.0.1 /Admin/index.php/Public/main?_=1361454588996
INFO: [ app_begin ] --START--
INFO: Run ReadHtmlCache Behavior [ RunTime:0.001129s ]
INFO: [ app_begin ] --END-- [ RunTime:0.001336s ]
INFO: [ view_template ] --START--
INFO: Run LocationTemplate Behavior [ RunTime:0.000910s ]
INFO: [ view_template ] --END-- [ RunTime:0.001059s ]
INFO: [ view_parse ] --START--
INFO: Run ParseTemplate Behavior [ RunTime:0.011885s ]
INFO: [ view_parse ] --END-- [ RunTime:0.012066s ]
INFO: [ view_filter ] --START--
INFO: Run ContentReplace Behavior [ RunTime:0.001159s ]
INFO: Run TokenBuild Behavior [ RunTime:0.000774s ]
INFO: Run WriteHtmlCache Behavior [ RunTime:0.000541s ]
INFO: Run ShowRuntime Behavior [ RunTime:0.001012s ]
INFO: [ view_filter ] --END-- [ RunTime:0.003940s ]
INFO: [ view_end ] --START--
INFO: Run ShowPageTrace Behavior [ RunTime:0.000926s ]
INFO: [ view_end ] --END-- [ RunTime:0.001048s ]

[ 2013-02-21T21:49:53+08:00 ] 127.0.0.1 /Admin/
INFO: [ view_template ] --START--
INFO: Run LocationTemplate Behavior [ RunTime:0.001480s ]
INFO: [ view_template ] --END-- [ RunTime:0.001693s ]
INFO: [ view_parse ] --START--
INFO: Run ParseTemplate Behavior [ RunTime:0.024722s ]
INFO: [ view_parse ] --END-- [ RunTime:0.024929s ]
INFO: [ view_filter ] --START--
INFO: Run ContentReplace Behavior [ RunTime:0.001146s ]
INFO: Run TokenBuild Behavior [ RunTime:0.000870s ]
INFO: Run WriteHtmlCache Behavior [ RunTime:0.000508s ]
INFO: Run ShowRuntime Behavior [ RunTime:0.000797s ]
INFO: [ view_filter ] --END-- [ RunTime:0.003773s ]
INFO: [ view_end ] --START--
INFO: Run ShowPageTrace Behavior [ RunTime:0.000857s ]
INFO: [ view_end ] --END-- [ RunTime:0.000982s ]

[ 2013-02-21T21:49:55+08:00 ] 127.0.0.1 /Admin/index.php/Materials/index/?_=1361454593970
INFO: [ app_begin ] --START--
INFO: Run ReadHtmlCache Behavior [ RunTime:0.000755s ]
INFO: [ app_begin ] --END-- [ RunTime:0.000937s ]
SQL: SHOW COLUMNS FROM `dd_provider` [ RunTime:0.048375s ]
SQL: SELECT `id` FROM `dd_provider` WHERE ( flag=1 ) LIMIT 1   [ RunTime:0.000427s ]
SQL: SHOW COLUMNS FROM `dd_provider` [ RunTime:0.017640s ]
SQL: SELECT COUNT(id) AS tp_count FROM `dd_provider` LIMIT 1   [ RunTime:0.000336s ]
SQL: SELECT * FROM `dd_provider` ORDER BY `id` desc LIMIT 0,20   [ RunTime:0.000438s ]
INFO: [ view_template ] --START--
INFO: Run LocationTemplate Behavior [ RunTime:0.000876s ]
INFO: [ view_template ] --END-- [ RunTime:0.001018s ]
INFO: [ view_parse ] --START--
NOTIC: [8] Undefined index: _order D:\www\ddpms\ddpms\Admin\Runtime\Cache\4c3d88ae25e1912550252f07f56b2eec.php 第 3 行.
NOTIC: [8] Undefined index: _sort D:\www\ddpms\ddpms\Admin\Runtime\Cache\4c3d88ae25e1912550252f07f56b2eec.php 第 4 行.
NOTIC: [8] Undefined index: _order D:\www\ddpms\ddpms\Admin\Runtime\Cache\4c3d88ae25e1912550252f07f56b2eec.php 第 36 行.
NOTIC: [8] Undefined index: _order D:\www\ddpms\ddpms\Admin\Runtime\Cache\4c3d88ae25e1912550252f07f56b2eec.php 第 37 行.
NOTIC: [8] Undefined index: _order D:\www\ddpms\ddpms\Admin\Runtime\Cache\4c3d88ae25e1912550252f07f56b2eec.php 第 40 行.
NOTIC: [8] Undefined index: _order D:\www\ddpms\ddpms\Admin\Runtime\Cache\4c3d88ae25e1912550252f07f56b2eec.php 第 41 行.
INFO: Run ParseTemplate Behavior [ RunTime:0.020488s ]
INFO: [ view_parse ] --END-- [ RunTime:0.020616s ]
INFO: [ view_filter ] --START--
INFO: Run ContentReplace Behavior [ RunTime:0.000581s ]
INFO: Run TokenBuild Behavior [ RunTime:0.000537s ]
INFO: Run WriteHtmlCache Behavior [ RunTime:0.000526s ]
INFO: Run ShowRuntime Behavior [ RunTime:0.000913s ]
INFO: [ view_filter ] --END-- [ RunTime:0.002877s ]
INFO: [ view_end ] --START--
INFO: Run ShowPageTrace Behavior [ RunTime:0.000891s ]
INFO: [ view_end ] --END-- [ RunTime:0.001000s ]

[ 2013-02-21T21:50:03+08:00 ] 127.0.0.1 /Admin/
INFO: [ view_template ] --START--
INFO: Run LocationTemplate Behavior [ RunTime:0.001149s ]
INFO: [ view_template ] --END-- [ RunTime:0.001363s ]
INFO: [ view_parse ] --START--
INFO: Run ParseTemplate Behavior [ RunTime:0.019186s ]
INFO: [ view_parse ] --END-- [ RunTime:0.019349s ]
INFO: [ view_filter ] --START--
INFO: Run ContentReplace Behavior [ RunTime:0.000674s ]
INFO: Run TokenBuild Behavior [ RunTime:0.000580s ]
INFO: Run WriteHtmlCache Behavior [ RunTime:0.000759s ]
INFO: Run ShowRuntime Behavior [ RunTime:0.000836s ]
INFO: [ view_filter ] --END-- [ RunTime:0.003233s ]
INFO: [ view_end ] --START--
INFO: Run ShowPageTrace Behavior [ RunTime:0.000922s ]
INFO: [ view_end ] --END-- [ RunTime:0.001046s ]

[ 2013-02-21T21:52:55+08:00 ] 127.0.0.1 /Admin/index.php/Materials/index/?_=1361454774162
INFO: [ app_begin ] --START--
INFO: Run ReadHtmlCache Behavior [ RunTime:0.000860s ]
INFO: [ app_begin ] --END-- [ RunTime:0.000999s ]
SQL: SHOW COLUMNS FROM `dd_provider` [ RunTime:0.039181s ]
SQL: SELECT `id` FROM `dd_provider` WHERE ( flag=1 ) LIMIT 1   [ RunTime:0.000490s ]
SQL: SHOW COLUMNS FROM `dd_provider` [ RunTime:0.018962s ]
SQL: SELECT COUNT(id) AS tp_count FROM `dd_provider` LIMIT 1   [ RunTime:0.000314s ]
SQL: SELECT * FROM `dd_provider` ORDER BY `id` desc LIMIT 0,20   [ RunTime:0.000390s ]
INFO: [ view_template ] --START--
INFO: Run LocationTemplate Behavior [ RunTime:0.000970s ]
INFO: [ view_template ] --END-- [ RunTime:0.001088s ]
INFO: [ view_parse ] --START--
NOTIC: [8] Undefined index: _order D:\www\ddpms\ddpms\Admin\Runtime\Cache\4c3d88ae25e1912550252f07f56b2eec.php 第 3 行.
NOTIC: [8] Undefined index: _sort D:\www\ddpms\ddpms\Admin\Runtime\Cache\4c3d88ae25e1912550252f07f56b2eec.php 第 4 行.
NOTIC: [8] Undefined index: _order D:\www\ddpms\ddpms\Admin\Runtime\Cache\4c3d88ae25e1912550252f07f56b2eec.php 第 36 行.
NOTIC: [8] Undefined index: _order D:\www\ddpms\ddpms\Admin\Runtime\Cache\4c3d88ae25e1912550252f07f56b2eec.php 第 37 行.
NOTIC: [8] Undefined index: _order D:\www\ddpms\ddpms\Admin\Runtime\Cache\4c3d88ae25e1912550252f07f56b2eec.php 第 40 行.
NOTIC: [8] Undefined index: _order D:\www\ddpms\ddpms\Admin\Runtime\Cache\4c3d88ae25e1912550252f07f56b2eec.php 第 41 行.
INFO: Run ParseTemplate Behavior [ RunTime:0.014468s ]
INFO: [ view_parse ] --END-- [ RunTime:0.014582s ]
INFO: [ view_filter ] --START--
INFO: Run ContentReplace Behavior [ RunTime:0.000687s ]
INFO: Run TokenBuild Behavior [ RunTime:0.000646s ]
INFO: Run WriteHtmlCache Behavior [ RunTime:0.000486s ]
INFO: Run ShowRuntime Behavior [ RunTime:0.000874s ]
INFO: [ view_filter ] --END-- [ RunTime:0.003046s ]
INFO: [ view_end ] --START--
INFO: Run ShowPageTrace Behavior [ RunTime:0.000860s ]
INFO: [ view_end ] --END-- [ RunTime:0.000971s ]

[ 2013-02-21T22:07:25+08:00 ] 127.0.0.1 /Admin/
INFO: [ view_template ] --START--
INFO: Run LocationTemplate Behavior [ RunTime:0.001579s ]
INFO: [ view_template ] --END-- [ RunTime:0.001785s ]
INFO: [ view_parse ] --START--
INFO: Run ParseTemplate Behavior [ RunTime:0.024649s ]
INFO: [ view_parse ] --END-- [ RunTime:0.024855s ]
INFO: [ view_filter ] --START--
INFO: Run ContentReplace Behavior [ RunTime:0.001133s ]
INFO: Run TokenBuild Behavior [ RunTime:0.001075s ]
INFO: Run WriteHtmlCache Behavior [ RunTime:0.000741s ]
INFO: Run ShowRuntime Behavior [ RunTime:0.001148s ]
INFO: [ view_filter ] --END-- [ RunTime:0.004894s ]
INFO: [ view_end ] --START--
INFO: Run ShowPageTrace Behavior [ RunTime:0.001473s ]
INFO: [ view_end ] --END-- [ RunTime:0.001628s ]

[ 2013-02-21T22:07:27+08:00 ] 127.0.0.1 /Admin/
INFO: [ view_template ] --START--
INFO: Run LocationTemplate Behavior [ RunTime:0.003118s ]
INFO: [ view_template ] --END-- [ RunTime:0.003565s ]
INFO: [ view_parse ] --START--
INFO: Run ParseTemplate Behavior [ RunTime:0.026344s ]
INFO: [ view_parse ] --END-- [ RunTime:0.026656s ]
INFO: [ view_filter ] --START--
INFO: Run ContentReplace Behavior [ RunTime:0.001167s ]
INFO: Run TokenBuild Behavior [ RunTime:0.000994s ]
INFO: Run WriteHtmlCache Behavior [ RunTime:0.000729s ]
INFO: Run ShowRuntime Behavior [ RunTime:0.001158s ]
INFO: [ view_filter ] --END-- [ RunTime:0.004652s ]
INFO: [ view_end ] --START--
INFO: Run ShowPageTrace Behavior [ RunTime:0.001343s ]
INFO: [ view_end ] --END-- [ RunTime:0.001559s ]

[ 2013-02-21T22:09:13+08:00 ] 127.0.0.1 /Admin/
INFO: [ view_template ] --START--
INFO: Run LocationTemplate Behavior [ RunTime:0.001362s ]
INFO: [ view_template ] --END-- [ RunTime:0.001564s ]
INFO: [ view_parse ] --START--
INFO: Run ParseTemplate Behavior [ RunTime:0.024009s ]
INFO: [ view_parse ] --END-- [ RunTime:0.024173s ]
INFO: [ view_filter ] --START--
INFO: Run ContentReplace Behavior [ RunTime:0.000656s ]
INFO: Run TokenBuild Behavior [ RunTime:0.000566s ]
INFO: Run WriteHtmlCache Behavior [ RunTime:0.000395s ]
INFO: Run ShowRuntime Behavior [ RunTime:0.000683s ]
INFO: [ view_filter ] --END-- [ RunTime:0.002650s ]
INFO: [ view_end ] --START--
INFO: Run ShowPageTrace Behavior [ RunTime:0.000779s ]
INFO: [ view_end ] --END-- [ RunTime:0.000902s ]

[ 2013-02-21T22:15:06+08:00 ] 127.0.0.1 /Admin/
INFO: [ view_template ] --START--
INFO: Run LocationTemplate Behavior [ RunTime:0.000914s ]
INFO: [ view_template ] --END-- [ RunTime:0.001097s ]
INFO: [ view_parse ] --START--
INFO: Run ParseTemplate Behavior [ RunTime:0.014993s ]
INFO: [ view_parse ] --END-- [ RunTime:0.015138s ]
INFO: [ view_filter ] --START--
INFO: Run ContentReplace Behavior [ RunTime:0.000774s ]
INFO: Run TokenBuild Behavior [ RunTime:0.000700s ]
INFO: Run WriteHtmlCache Behavior [ RunTime:0.000486s ]
INFO: Run ShowRuntime Behavior [ RunTime:0.000773s ]
INFO: [ view_filter ] --END-- [ RunTime:0.003110s ]
INFO: [ view_end ] --START--
INFO: Run ShowPageTrace Behavior [ RunTime:0.000887s ]
INFO: [ view_end ] --END-- [ RunTime:0.001054s ]

[ 2013-02-21T22:21:26+08:00 ] 127.0.0.1 /Admin/
INFO: [ view_template ] --START--
INFO: Run LocationTemplate Behavior [ RunTime:0.001388s ]
INFO: [ view_template ] --END-- [ RunTime:0.001598s ]
INFO: [ view_parse ] --START--
INFO: Run ParseTemplate Behavior [ RunTime:0.022030s ]
INFO: [ view_parse ] --END-- [ RunTime:0.022193s ]
INFO: [ view_filter ] --START--
INFO: Run ContentReplace Behavior [ RunTime:0.000914s ]
INFO: Run TokenBuild Behavior [ RunTime:0.000666s ]
INFO: Run WriteHtmlCache Behavior [ RunTime:0.000567s ]
INFO: Run ShowRuntime Behavior [ RunTime:0.000811s ]
INFO: [ view_filter ] --END-- [ RunTime:0.003321s ]
INFO: [ view_end ] --START--
INFO: Run ShowPageTrace Behavior [ RunTime:0.000919s ]
INFO: [ view_end ] --END-- [ RunTime:0.001042s ]

[ 2013-02-21T22:22:02+08:00 ] 127.0.0.1 /Admin/
INFO: [ view_template ] --START--
INFO: Run LocationTemplate Behavior [ RunTime:0.001499s ]
INFO: [ view_template ] --END-- [ RunTime:0.001704s ]
INFO: [ view_parse ] --START--
INFO: Run ParseTemplate Behavior [ RunTime:0.031134s ]
INFO: [ view_parse ] --END-- [ RunTime:0.031312s ]
INFO: [ view_filter ] --START--
INFO: Run ContentReplace Behavior [ RunTime:0.000741s ]
INFO: Run TokenBuild Behavior [ RunTime:0.000660s ]
INFO: Run WriteHtmlCache Behavior [ RunTime:0.000492s ]
INFO: Run ShowRuntime Behavior [ RunTime:0.000753s ]
INFO: [ view_filter ] --END-- [ RunTime:0.002999s ]
INFO: [ view_end ] --START--
INFO: Run ShowPageTrace Behavior [ RunTime:0.000865s ]
INFO: [ view_end ] --END-- [ RunTime:0.000987s ]

[ 2013-02-21T22:24:01+08:00 ] 127.0.0.1 /Admin/
INFO: [ view_template ] --START--
INFO: Run LocationTemplate Behavior [ RunTime:0.002466s ]
INFO: [ view_template ] --END-- [ RunTime:0.002887s ]
INFO: [ view_parse ] --START--
INFO: Run ParseTemplate Behavior [ RunTime:0.039929s ]
INFO: [ view_parse ] --END-- [ RunTime:0.040259s ]
INFO: [ view_filter ] --START--
INFO: Run ContentReplace Behavior [ RunTime:0.001166s ]
INFO: Run TokenBuild Behavior [ RunTime:0.001003s ]
INFO: Run WriteHtmlCache Behavior [ RunTime:0.000739s ]
INFO: Run ShowRuntime Behavior [ RunTime:0.001213s ]
INFO: [ view_filter ] --END-- [ RunTime:0.004724s ]
INFO: [ view_end ] --START--
INFO: Run ShowPageTrace Behavior [ RunTime:0.001389s ]
INFO: [ view_end ] --END-- [ RunTime:0.001628s ]

[ 2013-02-21T22:26:34+08:00 ] 127.0.0.1 /Admin/
INFO: [ view_template ] --START--
INFO: Run LocationTemplate Behavior [ RunTime:0.001344s ]
INFO: [ view_template ] --END-- [ RunTime:0.001566s ]
INFO: [ view_parse ] --START--
INFO: Run ParseTemplate Behavior [ RunTime:0.033680s ]
INFO: [ view_parse ] --END-- [ RunTime:0.033846s ]
INFO: [ view_filter ] --START--
INFO: Run ContentReplace Behavior [ RunTime:0.000754s ]
INFO: Run TokenBuild Behavior [ RunTime:0.000672s ]
INFO: Run WriteHtmlCache Behavior [ RunTime:0.000474s ]
INFO: Run ShowRuntime Behavior [ RunTime:0.000818s ]
INFO: [ view_filter ] --END-- [ RunTime:0.003092s ]
INFO: [ view_end ] --START--
INFO: Run ShowPageTrace Behavior [ RunTime:0.000907s ]
INFO: [ view_end ] --END-- [ RunTime:0.001032s ]

[ 2013-02-21T22:29:07+08:00 ] 127.0.0.1 /Admin/
INFO: [ view_template ] --START--
INFO: Run LocationTemplate Behavior [ RunTime:0.001296s ]
INFO: [ view_template ] --END-- [ RunTime:0.001499s ]
INFO: [ view_parse ] --START--
INFO: Run ParseTemplate Behavior [ RunTime:0.031868s ]
INFO: [ view_parse ] --END-- [ RunTime:0.032048s ]
INFO: [ view_filter ] --START--
INFO: Run ContentReplace Behavior [ RunTime:0.000750s ]
INFO: Run TokenBuild Behavior [ RunTime:0.000657s ]
INFO: Run WriteHtmlCache Behavior [ RunTime:0.000490s ]
INFO: Run ShowRuntime Behavior [ RunTime:0.000754s ]
INFO: [ view_filter ] --END-- [ RunTime:0.003026s ]
INFO: [ view_end ] --START--
INFO: Run ShowPageTrace Behavior [ RunTime:0.000864s ]
INFO: [ view_end ] --END-- [ RunTime:0.000987s ]

[ 2013-02-21T22:29:59+08:00 ] 127.0.0.1 /Admin/
INFO: [ view_template ] --START--
INFO: Run LocationTemplate Behavior [ RunTime:0.001577s ]
INFO: [ view_template ] --END-- [ RunTime:0.001808s ]
INFO: [ view_parse ] --START--
INFO: Run ParseTemplate Behavior [ RunTime:0.024425s ]
INFO: [ view_parse ] --END-- [ RunTime:0.024652s ]
INFO: [ view_filter ] --START--
INFO: Run ContentReplace Behavior [ RunTime:0.001251s ]
INFO: Run TokenBuild Behavior [ RunTime:0.001195s ]
INFO: Run WriteHtmlCache Behavior [ RunTime:0.000705s ]
INFO: Run ShowRuntime Behavior [ RunTime:0.001186s ]
INFO: [ view_filter ] --END-- [ RunTime:0.004938s ]
INFO: [ view_end ] --START--
INFO: Run ShowPageTrace Behavior [ RunTime:0.001551s ]
INFO: [ view_end ] --END-- [ RunTime:0.001759s ]

[ 2013-02-21T22:38:02+08:00 ] 127.0.0.1 /Admin/
INFO: [ view_template ] --START--
INFO: Run LocationTemplate Behavior [ RunTime:0.002503s ]
INFO: [ view_template ] --END-- [ RunTime:0.002903s ]
INFO: [ view_parse ] --START--
INFO: Run ParseTemplate Behavior [ RunTime:0.044266s ]
INFO: [ view_parse ] --END-- [ RunTime:0.044529s ]
INFO: [ view_filter ] --START--
INFO: Run ContentReplace Behavior [ RunTime:0.000916s ]
INFO: Run TokenBuild Behavior [ RunTime:0.001003s ]
INFO: Run WriteHtmlCache Behavior [ RunTime:0.000596s ]
INFO: Run ShowRuntime Behavior [ RunTime:0.000920s ]
INFO: [ view_filter ] --END-- [ RunTime:0.003888s ]
INFO: [ view_end ] --START--
INFO: Run ShowPageTrace Behavior [ RunTime:0.001042s ]
INFO: [ view_end ] --END-- [ RunTime:0.001196s ]

[ 2013-02-21T22:38:09+08:00 ] 127.0.0.1 /Admin/
INFO: [ view_template ] --START--
INFO: Run LocationTemplate Behavior [ RunTime:0.001025s ]
INFO: [ view_template ] --END-- [ RunTime:0.001185s ]
INFO: [ view_parse ] --START--
INFO: Run ParseTemplate Behavior [ RunTime:0.038490s ]
INFO: [ view_parse ] --END-- [ RunTime:0.038652s ]
INFO: [ view_filter ] --START--
INFO: Run ContentReplace Behavior [ RunTime:0.000907s ]
INFO: Run TokenBuild Behavior [ RunTime:0.000964s ]
INFO: Run WriteHtmlCache Behavior [ RunTime:0.000572s ]
INFO: Run ShowRuntime Behavior [ RunTime:0.001109s ]
INFO: [ view_filter ] --END-- [ RunTime:0.004027s ]
INFO: [ view_end ] --START--
INFO: Run ShowPageTrace Behavior [ RunTime:0.001062s ]
INFO: [ view_end ] --END-- [ RunTime:0.001254s ]

[ 2013-02-21T22:38:30+08:00 ] 127.0.0.1 /Admin/
INFO: [ view_template ] --START--
INFO: Run LocationTemplate Behavior [ RunTime:0.001333s ]
INFO: [ view_template ] --END-- [ RunTime:0.001550s ]
INFO: [ view_parse ] --START--
INFO: Run ParseTemplate Behavior [ RunTime:0.024710s ]
INFO: [ view_parse ] --END-- [ RunTime:0.024928s ]
INFO: [ view_filter ] --START--
INFO: Run ContentReplace Behavior [ RunTime:0.001154s ]
INFO: Run TokenBuild Behavior [ RunTime:0.001009s ]
INFO: Run WriteHtmlCache Behavior [ RunTime:0.000712s ]
INFO: Run ShowRuntime Behavior [ RunTime:0.001160s ]
INFO: [ view_filter ] --END-- [ RunTime:0.004619s ]
INFO: [ view_end ] --START--
INFO: Run ShowPageTrace Behavior [ RunTime:0.001435s ]
INFO: [ view_end ] --END-- [ RunTime:0.001635s ]

[ 2013-02-21T22:41:19+08:00 ] 127.0.0.1 /Admin/
INFO: [ view_template ] --START--
INFO: Run LocationTemplate Behavior [ RunTime:0.001554s ]
INFO: [ view_template ] --END-- [ RunTime:0.001765s ]
INFO: [ view_parse ] --START--
INFO: Run ParseTemplate Behavior [ RunTime:0.021752s ]
INFO: [ view_parse ] --END-- [ RunTime:0.021919s ]
INFO: [ view_filter ] --START--
INFO: Run ContentReplace Behavior [ RunTime:0.000760s ]
INFO: Run TokenBuild Behavior [ RunTime:0.000639s ]
INFO: Run WriteHtmlCache Behavior [ RunTime:0.000500s ]
INFO: Run ShowRuntime Behavior [ RunTime:0.000840s ]
INFO: [ view_filter ] --END-- [ RunTime:0.003106s ]
INFO: [ view_end ] --START--
INFO: Run ShowPageTrace Behavior [ RunTime:0.000884s ]
INFO: [ view_end ] --END-- [ RunTime:0.001008s ]

[ 2013-02-21T22:43:52+08:00 ] 127.0.0.1 /Admin/
INFO: [ view_template ] --START--
INFO: Run LocationTemplate Behavior [ RunTime:0.002438s ]
INFO: [ view_template ] --END-- [ RunTime:0.002845s ]
INFO: [ view_parse ] --START--
INFO: Run ParseTemplate Behavior [ RunTime:0.042218s ]
INFO: [ view_parse ] --END-- [ RunTime:0.042503s ]
INFO: [ view_filter ] --START--
INFO: Run ContentReplace Behavior [ RunTime:0.001128s ]
INFO: Run TokenBuild Behavior [ RunTime:0.000988s ]
INFO: Run WriteHtmlCache Behavior [ RunTime:0.000714s ]
INFO: Run ShowRuntime Behavior [ RunTime:0.001154s ]
INFO: [ view_filter ] --END-- [ RunTime:0.004531s ]
INFO: [ view_end ] --START--
INFO: Run ShowPageTrace Behavior [ RunTime:0.001275s ]
INFO: [ view_end ] --END-- [ RunTime:0.001468s ]

[ 2013-02-21T22:44:22+08:00 ] 127.0.0.1 /Admin/
INFO: [ view_template ] --START--
INFO: Run LocationTemplate Behavior [ RunTime:0.002479s ]
INFO: [ view_template ] --END-- [ RunTime:0.002918s ]
INFO: [ view_parse ] --START--
INFO: Run ParseTemplate Behavior [ RunTime:0.038309s ]
INFO: [ view_parse ] --END-- [ RunTime:0.038580s ]
INFO: [ view_filter ] --START--
INFO: Run ContentReplace Behavior [ RunTime:0.001009s ]
INFO: Run TokenBuild Behavior [ RunTime:0.000832s ]
INFO: Run WriteHtmlCache Behavior [ RunTime:0.000560s ]
INFO: Run ShowRuntime Behavior [ RunTime:0.000917s ]
INFO: [ view_filter ] --END-- [ RunTime:0.003829s ]
INFO: [ view_end ] --START--
INFO: Run ShowPageTrace Behavior [ RunTime:0.001034s ]
INFO: [ view_end ] --END-- [ RunTime:0.001187s ]

[ 2013-02-21T22:44:31+08:00 ] 127.0.0.1 /Admin/index.php/Materials/index/?_=1361457870010
INFO: [ app_begin ] --START--
INFO: Run ReadHtmlCache Behavior [ RunTime:0.000852s ]
INFO: [ app_begin ] --END-- [ RunTime:0.000997s ]
SQL: SHOW COLUMNS FROM `dd_provider` [ RunTime:0.051807s ]
SQL: SELECT `id` FROM `dd_provider` WHERE ( flag=1 ) LIMIT 1   [ RunTime:0.000465s ]
SQL: SHOW COLUMNS FROM `dd_provider` [ RunTime:0.022830s ]
SQL: SELECT COUNT(id) AS tp_count FROM `dd_provider` LIMIT 1   [ RunTime:0.000440s ]
SQL: SELECT * FROM `dd_provider` ORDER BY `id` desc LIMIT 0,20   [ RunTime:0.000504s ]
INFO: [ view_template ] --START--
INFO: Run LocationTemplate Behavior [ RunTime:0.000874s ]
INFO: [ view_template ] --END-- [ RunTime:0.000993s ]
INFO: [ view_parse ] --START--
NOTIC: [8] Undefined index: _order D:\www\ddpms\ddpms\Admin\Runtime\Cache\4c3d88ae25e1912550252f07f56b2eec.php 第 3 行.
NOTIC: [8] Undefined index: _sort D:\www\ddpms\ddpms\Admin\Runtime\Cache\4c3d88ae25e1912550252f07f56b2eec.php 第 4 行.
NOTIC: [8] Undefined index: _order D:\www\ddpms\ddpms\Admin\Runtime\Cache\4c3d88ae25e1912550252f07f56b2eec.php 第 36 行.
NOTIC: [8] Undefined index: _order D:\www\ddpms\ddpms\Admin\Runtime\Cache\4c3d88ae25e1912550252f07f56b2eec.php 第 37 行.
NOTIC: [8] Undefined index: _order D:\www\ddpms\ddpms\Admin\Runtime\Cache\4c3d88ae25e1912550252f07f56b2eec.php 第 40 行.
NOTIC: [8] Undefined index: _order D:\www\ddpms\ddpms\Admin\Runtime\Cache\4c3d88ae25e1912550252f07f56b2eec.php 第 41 行.
INFO: Run ParseTemplate Behavior [ RunTime:0.014447s ]
INFO: [ view_parse ] --END-- [ RunTime:0.014582s ]
INFO: [ view_filter ] --START--
INFO: Run ContentReplace Behavior [ RunTime:0.000745s ]
INFO: Run TokenBuild Behavior [ RunTime:0.000708s ]
INFO: Run WriteHtmlCache Behavior [ RunTime:0.000559s ]
INFO: Run ShowRuntime Behavior [ RunTime:0.000987s ]
INFO: [ view_filter ] --END-- [ RunTime:0.003340s ]
INFO: [ view_end ] --START--
INFO: Run ShowPageTrace Behavior [ RunTime:0.000920s ]
INFO: [ view_end ] --END-- [ RunTime:0.001029s ]

[ 2013-02-21T22:53:38+08:00 ] 127.0.0.1 /Admin/
INFO: [ view_template ] --START--
INFO: Run LocationTemplate Behavior [ RunTime:0.001571s ]
INFO: [ view_template ] --END-- [ RunTime:0.001788s ]
INFO: [ view_parse ] --START--
INFO: Run ParseTemplate Behavior [ RunTime:0.021551s ]
INFO: [ view_parse ] --END-- [ RunTime:0.021711s ]
INFO: [ view_filter ] --START--
INFO: Run ContentReplace Behavior [ RunTime:0.000799s ]
INFO: Run TokenBuild Behavior [ RunTime:0.000658s ]
INFO: Run WriteHtmlCache Behavior [ RunTime:0.000645s ]
INFO: Run ShowRuntime Behavior [ RunTime:0.000922s ]
INFO: [ view_filter ] --END-- [ RunTime:0.003390s ]
INFO: [ view_end ] --START--
INFO: Run ShowPageTrace Behavior [ RunTime:0.001006s ]
INFO: [ view_end ] --END-- [ RunTime:0.001141s ]

[ 2013-02-21T22:53:48+08:00 ] 127.0.0.1 /Admin/
INFO: [ view_template ] --START--
INFO: Run LocationTemplate Behavior [ RunTime:0.000909s ]
INFO: [ view_template ] --END-- [ RunTime:0.001045s ]
INFO: [ view_parse ] --START--
INFO: Run ParseTemplate Behavior [ RunTime:0.015424s ]
INFO: [ view_parse ] --END-- [ RunTime:0.015558s ]
INFO: [ view_filter ] --START--
INFO: Run ContentReplace Behavior [ RunTime:0.000774s ]
INFO: Run TokenBuild Behavior [ RunTime:0.000692s ]
INFO: Run WriteHtmlCache Behavior [ RunTime:0.000517s ]
INFO: Run ShowRuntime Behavior [ RunTime:0.000753s ]
INFO: [ view_filter ] --END-- [ RunTime:0.003104s ]
INFO: [ view_end ] --START--
INFO: Run ShowPageTrace Behavior [ RunTime:0.000881s ]
INFO: [ view_end ] --END-- [ RunTime:0.001005s ]

[ 2013-02-21T22:55:54+08:00 ] 127.0.0.1 /Admin/
INFO: [ view_template ] --START--
INFO: Run LocationTemplate Behavior [ RunTime:0.002722s ]
INFO: [ view_template ] --END-- [ RunTime:0.003131s ]
INFO: [ view_parse ] --START--
INFO: Run ParseTemplate Behavior [ RunTime:0.027818s ]
INFO: [ view_parse ] --END-- [ RunTime:0.028133s ]
INFO: [ view_filter ] --START--
INFO: Run ContentReplace Behavior [ RunTime:0.001395s ]
INFO: Run TokenBuild Behavior [ RunTime:0.001025s ]
INFO: Run WriteHtmlCache Behavior [ RunTime:0.000726s ]
INFO: Run ShowRuntime Behavior [ RunTime:0.001155s ]
INFO: [ view_filter ] --END-- [ RunTime:0.004876s ]
INFO: [ view_end ] --START--
INFO: Run ShowPageTrace Behavior [ RunTime:0.001271s ]
INFO: [ view_end ] --END-- [ RunTime:0.001460s ]

[ 2013-02-21T22:58:33+08:00 ] 127.0.0.1 /Admin/index.php
INFO: [ view_template ] --START--
INFO: Run LocationTemplate Behavior [ RunTime:0.001362s ]
INFO: [ view_template ] --END-- [ RunTime:0.001582s ]
INFO: [ view_parse ] --START--
INFO: Run ParseTemplate Behavior [ RunTime:0.023682s ]
INFO: [ view_parse ] --END-- [ RunTime:0.023849s ]
INFO: [ view_filter ] --START--
INFO: Run ContentReplace Behavior [ RunTime:0.000741s ]
INFO: Run TokenBuild Behavior [ RunTime:0.000675s ]
INFO: Run WriteHtmlCache Behavior [ RunTime:0.000513s ]
INFO: Run ShowRuntime Behavior [ RunTime:0.000753s ]
INFO: [ view_filter ] --END-- [ RunTime:0.003090s ]
INFO: [ view_end ] --START--
INFO: Run ShowPageTrace Behavior [ RunTime:0.000882s ]
INFO: [ view_end ] --END-- [ RunTime:0.001012s ]

[ 2013-02-21T23:04:10+08:00 ] 127.0.0.1 /Admin/
INFO: [ view_template ] --START--
INFO: Run LocationTemplate Behavior [ RunTime:0.000864s ]
INFO: [ view_template ] --END-- [ RunTime:0.000999s ]
INFO: [ view_parse ] --START--
INFO: Run ParseTemplate Behavior [ RunTime:0.014949s ]
INFO: [ view_parse ] --END-- [ RunTime:0.015084s ]
INFO: [ view_filter ] --START--
INFO: Run ContentReplace Behavior [ RunTime:0.000903s ]
INFO: Run TokenBuild Behavior [ RunTime:0.000666s ]
INFO: Run WriteHtmlCache Behavior [ RunTime:0.000493s ]
INFO: Run ShowRuntime Behavior [ RunTime:0.000729s ]
INFO: [ view_filter ] --END-- [ RunTime:0.003188s ]
INFO: [ view_end ] --START--
INFO: Run ShowPageTrace Behavior [ RunTime:0.000864s ]
INFO: [ view_end ] --END-- [ RunTime:0.000990s ]

[ 2013-02-21T23:11:03+08:00 ] 127.0.0.1 /Admin/
INFO: [ view_template ] --START--
INFO: Run LocationTemplate Behavior [ RunTime:0.002472s ]
INFO: [ view_template ] --END-- [ RunTime:0.002895s ]
INFO: [ view_parse ] --START--
INFO: Run ParseTemplate Behavior [ RunTime:0.031726s ]
INFO: [ view_parse ] --END-- [ RunTime:0.032017s ]
INFO: [ view_filter ] --START--
INFO: Run ContentReplace Behavior [ RunTime:0.001191s ]
INFO: Run TokenBuild Behavior [ RunTime:0.000981s ]
INFO: Run WriteHtmlCache Behavior [ RunTime:0.000768s ]
INFO: Run ShowRuntime Behavior [ RunTime:0.001176s ]
INFO: [ view_filter ] --END-- [ RunTime:0.004679s ]
INFO: [ view_end ] --START--
INFO: Run ShowPageTrace Behavior [ RunTime:0.001319s ]
INFO: [ view_end ] --END-- [ RunTime:0.001512s ]

[ 2013-02-21T23:11:07+08:00 ] 127.0.0.1 /Admin/
INFO: [ view_template ] --START--
INFO: Run LocationTemplate Behavior [ RunTime:0.000911s ]
INFO: [ view_template ] --END-- [ RunTime:0.001155s ]
INFO: [ view_parse ] --START--
INFO: Run ParseTemplate Behavior [ RunTime:0.023463s ]
INFO: [ view_parse ] --END-- [ RunTime:0.023631s ]
INFO: [ view_filter ] --START--
INFO: Run ContentReplace Behavior [ RunTime:0.000680s ]
INFO: Run TokenBuild Behavior [ RunTime:0.000578s ]
INFO: Run WriteHtmlCache Behavior [ RunTime:0.000393s ]
INFO: Run ShowRuntime Behavior [ RunTime:0.000682s ]
INFO: [ view_filter ] --END-- [ RunTime:0.002693s ]
INFO: [ view_end ] --START--
INFO: Run ShowPageTrace Behavior [ RunTime:0.000784s ]
INFO: [ view_end ] --END-- [ RunTime:0.000908s ]

[ 2013-02-21T23:11:39+08:00 ] 127.0.0.1 /Admin/index.php
INFO: [ view_template ] --START--
INFO: Run LocationTemplate Behavior [ RunTime:0.001284s ]
INFO: [ view_template ] --END-- [ RunTime:0.001488s ]
INFO: [ view_parse ] --START--
INFO: Run ParseTemplate Behavior [ RunTime:0.018825s ]
INFO: [ view_parse ] --END-- [ RunTime:0.018988s ]
INFO: [ view_filter ] --START--
INFO: Run ContentReplace Behavior [ RunTime:0.000753s ]
INFO: Run TokenBuild Behavior [ RunTime:0.000648s ]
INFO: Run WriteHtmlCache Behavior [ RunTime:0.000471s ]
INFO: Run ShowRuntime Behavior [ RunTime:0.000761s ]
INFO: [ view_filter ] --END-- [ RunTime:0.002989s ]
INFO: [ view_end ] --START--
INFO: Run ShowPageTrace Behavior [ RunTime:0.000866s ]
INFO: [ view_end ] --END-- [ RunTime:0.000988s ]

[ 2013-02-21T23:12:06+08:00 ] 127.0.0.1 /Admin/index.php
INFO: [ view_template ] --START--
INFO: Run LocationTemplate Behavior [ RunTime:0.001704s ]
INFO: [ view_template ] --END-- [ RunTime:0.002117s ]
INFO: [ view_parse ] --START--
INFO: Run ParseTemplate Behavior [ RunTime:0.044089s ]
INFO: [ view_parse ] --END-- [ RunTime:0.044405s ]
INFO: [ view_filter ] --START--
INFO: Run ContentReplace Behavior [ RunTime:0.001022s ]
INFO: Run TokenBuild Behavior [ RunTime:0.000862s ]
INFO: Run WriteHtmlCache Behavior [ RunTime:0.000575s ]
INFO: Run ShowRuntime Behavior [ RunTime:0.001016s ]
INFO: [ view_filter ] --END-- [ RunTime:0.004052s ]
INFO: [ view_end ] --START--
INFO: Run ShowPageTrace Behavior [ RunTime:0.001276s ]
INFO: [ view_end ] --END-- [ RunTime:0.001470s ]

[ 2013-02-21T23:12:09+08:00 ] 127.0.0.1 /Admin/index.php
INFO: [ view_template ] --START--
INFO: Run LocationTemplate Behavior [ RunTime:0.000575s ]
INFO: [ view_template ] --END-- [ RunTime:0.000709s ]
INFO: [ view_parse ] --START--
INFO: Run ParseTemplate Behavior [ RunTime:0.014423s ]
INFO: [ view_parse ] --END-- [ RunTime:0.014560s ]
INFO: [ view_filter ] --START--
INFO: Run ContentReplace Behavior [ RunTime:0.000674s ]
INFO: Run TokenBuild Behavior [ RunTime:0.000584s ]
INFO: Run WriteHtmlCache Behavior [ RunTime:0.000397s ]
INFO: Run ShowRuntime Behavior [ RunTime:0.000670s ]
INFO: [ view_filter ] --END-- [ RunTime:0.002709s ]
INFO: [ view_end ] --START--
INFO: Run ShowPageTrace Behavior [ RunTime:0.000772s ]
INFO: [ view_end ] --END-- [ RunTime:0.000893s ]

[ 2013-02-21T23:12:20+08:00 ] 127.0.0.1 /Admin/index.php
INFO: [ view_template ] --START--
INFO: Run LocationTemplate Behavior [ RunTime:0.001807s ]
INFO: [ view_template ] --END-- [ RunTime:0.002269s ]
INFO: [ view_parse ] --START--
INFO: Run ParseTemplate Behavior [ RunTime:0.044718s ]
INFO: [ view_parse ] --END-- [ RunTime:0.044997s ]
INFO: [ view_filter ] --START--
INFO: Run ContentReplace Behavior [ RunTime:0.000806s ]
INFO: Run TokenBuild Behavior [ RunTime:0.000685s ]
INFO: Run WriteHtmlCache Behavior [ RunTime:0.000460s ]
INFO: Run ShowRuntime Behavior [ RunTime:0.000810s ]
INFO: [ view_filter ] --END-- [ RunTime:0.003207s ]
INFO: [ view_end ] --START--
INFO: Run ShowPageTrace Behavior [ RunTime:0.000905s ]
INFO: [ view_end ] --END-- [ RunTime:0.001067s ]

[ 2013-02-21T23:13:03+08:00 ] 127.0.0.1 /Admin/
INFO: [ view_template ] --START--
INFO: Run LocationTemplate Behavior [ RunTime:0.001506s ]
INFO: [ view_template ] --END-- [ RunTime:0.001719s ]
INFO: [ view_parse ] --START--
INFO: Run ParseTemplate Behavior [ RunTime:0.025676s ]
INFO: [ view_parse ] --END-- [ RunTime:0.025903s ]
INFO: [ view_filter ] --START--
INFO: Run ContentReplace Behavior [ RunTime:0.001298s ]
INFO: Run TokenBuild Behavior [ RunTime:0.001069s ]
INFO: Run WriteHtmlCache Behavior [ RunTime:0.000828s ]
INFO: Run ShowRuntime Behavior [ RunTime:0.001350s ]
INFO: [ view_filter ] --END-- [ RunTime:0.005118s ]
INFO: [ view_end ] --START--
INFO: Run ShowPageTrace Behavior [ RunTime:0.001375s ]
INFO: [ view_end ] --END-- [ RunTime:0.001618s ]

[ 2013-02-21T23:14:41+08:00 ] 127.0.0.1 /Admin/
INFO: [ view_template ] --START--
INFO: Run LocationTemplate Behavior [ RunTime:0.002438s ]
INFO: [ view_template ] --END-- [ RunTime:0.002852s ]
INFO: [ view_parse ] --START--
INFO: Run ParseTemplate Behavior [ RunTime:0.030330s ]
INFO: [ view_parse ] --END-- [ RunTime:0.030615s ]
INFO: [ view_filter ] --START--
INFO: Run ContentReplace Behavior [ RunTime:0.001160s ]
INFO: Run TokenBuild Behavior [ RunTime:0.001008s ]
INFO: Run WriteHtmlCache Behavior [ RunTime:0.000723s ]
INFO: Run ShowRuntime Behavior [ RunTime:0.001179s ]
INFO: [ view_filter ] --END-- [ RunTime:0.004615s ]
INFO: [ view_end ] --START--
INFO: Run ShowPageTrace Behavior [ RunTime:0.001304s ]
INFO: [ view_end ] --END-- [ RunTime:0.001529s ]

[ 2013-02-21T23:19:37+08:00 ] 127.0.0.1 /Admin/
INFO: [ view_template ] --START--
INFO: Run LocationTemplate Behavior [ RunTime:0.002591s ]
INFO: [ view_template ] --END-- [ RunTime:0.002996s ]
INFO: [ view_parse ] --START--
INFO: Run ParseTemplate Behavior [ RunTime:0.027864s ]
INFO: [ view_parse ] --END-- [ RunTime:0.028179s ]
INFO: [ view_filter ] --START--
INFO: Run ContentReplace Behavior [ RunTime:0.001278s ]
INFO: Run TokenBuild Behavior [ RunTime:0.001030s ]
INFO: Run WriteHtmlCache Behavior [ RunTime:0.000726s ]
INFO: Run ShowRuntime Behavior [ RunTime:0.001145s ]
INFO: [ view_filter ] --END-- [ RunTime:0.004737s ]
INFO: [ view_end ] --START--
INFO: Run ShowPageTrace Behavior [ RunTime:0.001291s ]
INFO: [ view_end ] --END-- [ RunTime:0.001487s ]

[ 2013-02-21T23:19:40+08:00 ] 127.0.0.1 /Admin/
INFO: [ view_template ] --START--
INFO: Run LocationTemplate Behavior [ RunTime:0.001559s ]
INFO: [ view_template ] --END-- [ RunTime:0.001948s ]
INFO: [ view_parse ] --START--
INFO: Run ParseTemplate Behavior [ RunTime:0.028527s ]
INFO: [ view_parse ] --END-- [ RunTime:0.028814s ]
INFO: [ view_filter ] --START--
INFO: Run ContentReplace Behavior [ RunTime:0.001001s ]
INFO: Run TokenBuild Behavior [ RunTime:0.000852s ]
INFO: Run WriteHtmlCache Behavior [ RunTime:0.000613s ]
INFO: Run ShowRuntime Behavior [ RunTime:0.001046s ]
INFO: [ view_filter ] --END-- [ RunTime:0.004059s ]
INFO: [ view_end ] --START--
INFO: Run ShowPageTrace Behavior [ RunTime:0.001242s ]
INFO: [ view_end ] --END-- [ RunTime:0.001497s ]

[ 2013-02-21T23:20:09+08:00 ] 127.0.0.1 /Admin/
INFO: [ view_template ] --START--
INFO: Run LocationTemplate Behavior [ RunTime:0.000841s ]
INFO: [ view_template ] --END-- [ RunTime:0.001041s ]
INFO: [ view_parse ] --START--
INFO: Run ParseTemplate Behavior [ RunTime:0.023798s ]
INFO: [ view_parse ] --END-- [ RunTime:0.024001s ]
INFO: [ view_filter ] --START--
INFO: Run ContentReplace Behavior [ RunTime:0.001163s ]
INFO: Run TokenBuild Behavior [ RunTime:0.000807s ]
INFO: Run WriteHtmlCache Behavior [ RunTime:0.000425s ]
INFO: Run ShowRuntime Behavior [ RunTime:0.000670s ]
INFO: [ view_filter ] --END-- [ RunTime:0.003511s ]
INFO: [ view_end ] --START--
INFO: Run ShowPageTrace Behavior [ RunTime:0.000761s ]
INFO: [ view_end ] --END-- [ RunTime:0.000887s ]

[ 2013-02-21T23:21:35+08:00 ] 127.0.0.1 /Admin/index.php
INFO: [ view_template ] --START--
INFO: Run LocationTemplate Behavior [ RunTime:0.002400s ]
INFO: [ view_template ] --END-- [ RunTime:0.002810s ]
INFO: [ view_parse ] --START--
INFO: Run ParseTemplate Behavior [ RunTime:0.030905s ]
INFO: [ view_parse ] --END-- [ RunTime:0.031191s ]
INFO: [ view_filter ] --START--
INFO: Run ContentReplace Behavior [ RunTime:0.001131s ]
INFO: Run TokenBuild Behavior [ RunTime:0.000966s ]
INFO: Run WriteHtmlCache Behavior [ RunTime:0.000686s ]
INFO: Run ShowRuntime Behavior [ RunTime:0.001786s ]
INFO: [ view_filter ] --END-- [ RunTime:0.005139s ]
INFO: [ view_end ] --START--
INFO: Run ShowPageTrace Behavior [ RunTime:0.001309s ]
INFO: [ view_end ] --END-- [ RunTime:0.001513s ]

[ 2013-02-21T23:21:38+08:00 ] 127.0.0.1 /Admin/index.php
INFO: [ view_template ] --START--
INFO: Run LocationTemplate Behavior [ RunTime:0.001601s ]
INFO: [ view_template ] --END-- [ RunTime:0.001933s ]
INFO: [ view_parse ] --START--
INFO: Run ParseTemplate Behavior [ RunTime:0.023530s ]
INFO: [ view_parse ] --END-- [ RunTime:0.023729s ]
INFO: [ view_filter ] --START--
INFO: Run ContentReplace Behavior [ RunTime:0.001000s ]
INFO: Run TokenBuild Behavior [ RunTime:0.000982s ]
INFO: Run WriteHtmlCache Behavior [ RunTime:0.000618s ]
INFO: Run ShowRuntime Behavior [ RunTime:0.001179s ]
INFO: [ view_filter ] --END-- [ RunTime:0.004436s ]
INFO: [ view_end ] --START--
INFO: Run ShowPageTrace Behavior [ RunTime:0.001168s ]
INFO: [ view_end ] --END-- [ RunTime:0.001359s ]

[ 2013-02-21T23:21:57+08:00 ] 127.0.0.1 /Admin/index.php
INFO: [ view_template ] --START--
INFO: Run LocationTemplate Behavior [ RunTime:0.000895s ]
INFO: [ view_template ] --END-- [ RunTime:0.001104s ]
INFO: [ view_parse ] --START--
INFO: Run ParseTemplate Behavior [ RunTime:0.023412s ]
INFO: [ view_parse ] --END-- [ RunTime:0.023611s ]
INFO: [ view_filter ] --START--
INFO: Run ContentReplace Behavior [ RunTime:0.001015s ]
INFO: Run TokenBuild Behavior [ RunTime:0.000825s ]
INFO: Run WriteHtmlCache Behavior [ RunTime:0.000623s ]
INFO: Run ShowRuntime Behavior [ RunTime:0.001028s ]
INFO: [ view_filter ] --END-- [ RunTime:0.004197s ]
INFO: [ view_end ] --START--
INFO: Run ShowPageTrace Behavior [ RunTime:0.001101s ]
INFO: [ view_end ] --END-- [ RunTime:0.001247s ]

[ 2013-02-21T23:22:09+08:00 ] 127.0.0.1 /Admin/index.php
INFO: [ view_template ] --START--
INFO: Run LocationTemplate Behavior [ RunTime:0.001328s ]
INFO: [ view_template ] --END-- [ RunTime:0.001531s ]
INFO: [ view_parse ] --START--
INFO: Run ParseTemplate Behavior [ RunTime:0.023555s ]
INFO: [ view_parse ] --END-- [ RunTime:0.023723s ]
INFO: [ view_filter ] --START--
INFO: Run ContentReplace Behavior [ RunTime:0.000785s ]
INFO: Run TokenBuild Behavior [ RunTime:0.000661s ]
INFO: Run WriteHtmlCache Behavior [ RunTime:0.000562s ]
INFO: Run ShowRuntime Behavior [ RunTime:0.000782s ]
INFO: [ view_filter ] --END-- [ RunTime:0.003163s ]
INFO: [ view_end ] --START--
INFO: Run ShowPageTrace Behavior [ RunTime:0.001000s ]
INFO: [ view_end ] --END-- [ RunTime:0.001128s ]

[ 2013-02-21T23:26:01+08:00 ] 127.0.0.1 /Admin/index.php/Materials/index/?_=1361460359898
INFO: [ app_begin ] --START--
INFO: Run ReadHtmlCache Behavior [ RunTime:0.000801s ]
INFO: [ app_begin ] --END-- [ RunTime:0.000931s ]
SQL: SHOW COLUMNS FROM `dd_provider` [ RunTime:0.033777s ]
SQL: SELECT `id` FROM `dd_provider` WHERE ( flag=1 ) LIMIT 1   [ RunTime:0.000565s ]
SQL: SHOW COLUMNS FROM `dd_provider` [ RunTime:0.015822s ]
SQL: SELECT COUNT(id) AS tp_count FROM `dd_provider` LIMIT 1   [ RunTime:0.000330s ]
SQL: SELECT * FROM `dd_provider` ORDER BY `id` desc LIMIT 0,20   [ RunTime:0.000381s ]
INFO: [ view_template ] --START--
INFO: Run LocationTemplate Behavior [ RunTime:0.000972s ]
INFO: [ view_template ] --END-- [ RunTime:0.001091s ]
INFO: [ view_parse ] --START--
NOTIC: [8] Undefined index: _order D:\www\ddpms\ddpms\Admin\Runtime\Cache\4c3d88ae25e1912550252f07f56b2eec.php 第 3 行.
NOTIC: [8] Undefined index: _sort D:\www\ddpms\ddpms\Admin\Runtime\Cache\4c3d88ae25e1912550252f07f56b2eec.php 第 4 行.
NOTIC: [8] Undefined index: _order D:\www\ddpms\ddpms\Admin\Runtime\Cache\4c3d88ae25e1912550252f07f56b2eec.php 第 36 行.
NOTIC: [8] Undefined index: _order D:\www\ddpms\ddpms\Admin\Runtime\Cache\4c3d88ae25e1912550252f07f56b2eec.php 第 37 行.
NOTIC: [8] Undefined index: _order D:\www\ddpms\ddpms\Admin\Runtime\Cache\4c3d88ae25e1912550252f07f56b2eec.php 第 40 行.
NOTIC: [8] Undefined index: _order D:\www\ddpms\ddpms\Admin\Runtime\Cache\4c3d88ae25e1912550252f07f56b2eec.php 第 41 行.
INFO: Run ParseTemplate Behavior [ RunTime:0.014686s ]
INFO: [ view_parse ] --END-- [ RunTime:0.014804s ]
INFO: [ view_filter ] --START--
INFO: Run ContentReplace Behavior [ RunTime:0.000673s ]
INFO: Run TokenBuild Behavior [ RunTime:0.000630s ]
INFO: Run WriteHtmlCache Behavior [ RunTime:0.000491s ]
INFO: Run ShowRuntime Behavior [ RunTime:0.000869s ]
INFO: [ view_filter ] --END-- [ RunTime:0.002985s ]
INFO: [ view_end ] --START--
INFO: Run ShowPageTrace Behavior [ RunTime:0.000835s ]
INFO: [ view_end ] --END-- [ RunTime:0.000941s ]

[ 2013-02-21T23:26:07+08:00 ] 127.0.0.1 /Admin/index.php/Materials/index/?_=1361460366046
INFO: [ app_begin ] --START--
INFO: Run ReadHtmlCache Behavior [ RunTime:0.000779s ]
INFO: [ app_begin ] --END-- [ RunTime:0.000918s ]
SQL: SHOW COLUMNS FROM `dd_provider` [ RunTime:0.036556s ]
SQL: SELECT `id` FROM `dd_provider` WHERE ( flag=1 ) LIMIT 1   [ RunTime:0.000381s ]
SQL: SHOW COLUMNS FROM `dd_provider` [ RunTime:0.017968s ]
SQL: SELECT COUNT(id) AS tp_count FROM `dd_provider` LIMIT 1   [ RunTime:0.000316s ]
SQL: SELECT * FROM `dd_provider` ORDER BY `id` desc LIMIT 0,20   [ RunTime:0.000373s ]
INFO: [ view_template ] --START--
INFO: Run LocationTemplate Behavior [ RunTime:0.000990s ]
INFO: [ view_template ] --END-- [ RunTime:0.001117s ]
INFO: [ view_parse ] --START--
NOTIC: [8] Undefined index: _order D:\www\ddpms\ddpms\Admin\Runtime\Cache\4c3d88ae25e1912550252f07f56b2eec.php 第 3 行.
NOTIC: [8] Undefined index: _sort D:\www\ddpms\ddpms\Admin\Runtime\Cache\4c3d88ae25e1912550252f07f56b2eec.php 第 4 行.
NOTIC: [8] Undefined index: _order D:\www\ddpms\ddpms\Admin\Runtime\Cache\4c3d88ae25e1912550252f07f56b2eec.php 第 36 行.
NOTIC: [8] Undefined index: _order D:\www\ddpms\ddpms\Admin\Runtime\Cache\4c3d88ae25e1912550252f07f56b2eec.php 第 37 行.
NOTIC: [8] Undefined index: _order D:\www\ddpms\ddpms\Admin\Runtime\Cache\4c3d88ae25e1912550252f07f56b2eec.php 第 40 行.
NOTIC: [8] Undefined index: _order D:\www\ddpms\ddpms\Admin\Runtime\Cache\4c3d88ae25e1912550252f07f56b2eec.php 第 41 行.
INFO: Run ParseTemplate Behavior [ RunTime:0.013782s ]
INFO: [ view_parse ] --END-- [ RunTime:0.013919s ]
INFO: [ view_filter ] --START--
INFO: Run ContentReplace Behavior [ RunTime:0.000628s ]
INFO: Run TokenBuild Behavior [ RunTime:0.000570s ]
INFO: Run WriteHtmlCache Behavior [ RunTime:0.000384s ]
INFO: Run ShowRuntime Behavior [ RunTime:0.000873s ]
INFO: [ view_filter ] --END-- [ RunTime:0.002780s ]
INFO: [ view_end ] --START--
INFO: Run ShowPageTrace Behavior [ RunTime:0.000757s ]
INFO: [ view_end ] --END-- [ RunTime:0.000869s ]

[ 2013-02-21T23:26:09+08:00 ] 127.0.0.1 /Admin/index.php/Materials/index/?_=1361460368057
INFO: [ app_begin ] --START--
INFO: Run ReadHtmlCache Behavior [ RunTime:0.000831s ]
INFO: [ app_begin ] --END-- [ RunTime:0.000959s ]
SQL: SHOW COLUMNS FROM `dd_provider` [ RunTime:0.040075s ]
SQL: SELECT `id` FROM `dd_provider` WHERE ( flag=1 ) LIMIT 1   [ RunTime:0.000562s ]
SQL: SHOW COLUMNS FROM `dd_provider` [ RunTime:0.019564s ]
SQL: SELECT COUNT(id) AS tp_count FROM `dd_provider` LIMIT 1   [ RunTime:0.000333s ]
SQL: SELECT * FROM `dd_provider` ORDER BY `id` desc LIMIT 0,20   [ RunTime:0.000385s ]
INFO: [ view_template ] --START--
INFO: Run LocationTemplate Behavior [ RunTime:0.000826s ]
INFO: [ view_template ] --END-- [ RunTime:0.000943s ]
INFO: [ view_parse ] --START--
NOTIC: [8] Undefined index: _order D:\www\ddpms\ddpms\Admin\Runtime\Cache\4c3d88ae25e1912550252f07f56b2eec.php 第 3 行.
NOTIC: [8] Undefined index: _sort D:\www\ddpms\ddpms\Admin\Runtime\Cache\4c3d88ae25e1912550252f07f56b2eec.php 第 4 行.
NOTIC: [8] Undefined index: _order D:\www\ddpms\ddpms\Admin\Runtime\Cache\4c3d88ae25e1912550252f07f56b2eec.php 第 36 行.
NOTIC: [8] Undefined index: _order D:\www\ddpms\ddpms\Admin\Runtime\Cache\4c3d88ae25e1912550252f07f56b2eec.php 第 37 行.
NOTIC: [8] Undefined index: _order D:\www\ddpms\ddpms\Admin\Runtime\Cache\4c3d88ae25e1912550252f07f56b2eec.php 第 40 行.
NOTIC: [8] Undefined index: _order D:\www\ddpms\ddpms\Admin\Runtime\Cache\4c3d88ae25e1912550252f07f56b2eec.php 第 41 行.
INFO: Run ParseTemplate Behavior [ RunTime:0.013756s ]
INFO: [ view_parse ] --END-- [ RunTime:0.013872s ]
INFO: [ view_filter ] --START--
INFO: Run ContentReplace Behavior [ RunTime:0.000641s ]
INFO: Run TokenBuild Behavior [ RunTime:0.000553s ]
INFO: Run WriteHtmlCache Behavior [ RunTime:0.000389s ]
INFO: Run ShowRuntime Behavior [ RunTime:0.000782s ]
INFO: [ view_filter ] --END-- [ RunTime:0.002688s ]
INFO: [ view_end ] --START--
INFO: Run ShowPageTrace Behavior [ RunTime:0.000748s ]
INFO: [ view_end ] --END-- [ RunTime:0.000856s ]

[ 2013-02-21T23:26:11+08:00 ] 127.0.0.1 /Admin/index.php/Materials/index/?_=1361460369988
INFO: [ app_begin ] --START--
INFO: Run ReadHtmlCache Behavior [ RunTime:0.000859s ]
INFO: [ app_begin ] --END-- [ RunTime:0.000984s ]
SQL: SHOW COLUMNS FROM `dd_provider` [ RunTime:0.048964s ]
SQL: SELECT `id` FROM `dd_provider` WHERE ( flag=1 ) LIMIT 1   [ RunTime:0.000388s ]
SQL: SHOW COLUMNS FROM `dd_provider` [ RunTime:0.018000s ]
SQL: SELECT COUNT(id) AS tp_count FROM `dd_provider` LIMIT 1   [ RunTime:0.000356s ]
SQL: SELECT * FROM `dd_provider` ORDER BY `id` desc LIMIT 0,20   [ RunTime:0.000447s ]
INFO: [ view_template ] --START--
INFO: Run LocationTemplate Behavior [ RunTime:0.000986s ]
INFO: [ view_template ] --END-- [ RunTime:0.001131s ]
INFO: [ view_parse ] --START--
NOTIC: [8] Undefined index: _order D:\www\ddpms\ddpms\Admin\Runtime\Cache\4c3d88ae25e1912550252f07f56b2eec.php 第 3 行.
NOTIC: [8] Undefined index: _sort D:\www\ddpms\ddpms\Admin\Runtime\Cache\4c3d88ae25e1912550252f07f56b2eec.php 第 4 行.
NOTIC: [8] Undefined index: _order D:\www\ddpms\ddpms\Admin\Runtime\Cache\4c3d88ae25e1912550252f07f56b2eec.php 第 36 行.
NOTIC: [8] Undefined index: _order D:\www\ddpms\ddpms\Admin\Runtime\Cache\4c3d88ae25e1912550252f07f56b2eec.php 第 37 行.
NOTIC: [8] Undefined index: _order D:\www\ddpms\ddpms\Admin\Runtime\Cache\4c3d88ae25e1912550252f07f56b2eec.php 第 40 行.
NOTIC: [8] Undefined index: _order D:\www\ddpms\ddpms\Admin\Runtime\Cache\4c3d88ae25e1912550252f07f56b2eec.php 第 41 行.
INFO: Run ParseTemplate Behavior [ RunTime:0.014059s ]
INFO: [ view_parse ] --END-- [ RunTime:0.014191s ]
INFO: [ view_filter ] --START--
INFO: Run ContentReplace Behavior [ RunTime:0.000654s ]
INFO: Run TokenBuild Behavior [ RunTime:0.000552s ]
INFO: Run WriteHtmlCache Behavior [ RunTime:0.000408s ]
INFO: Run ShowRuntime Behavior [ RunTime:0.000764s ]
INFO: [ view_filter ] --END-- [ RunTime:0.002735s ]
INFO: [ view_end ] --START--
INFO: Run ShowPageTrace Behavior [ RunTime:0.000728s ]
INFO: [ view_end ] --END-- [ RunTime:0.000855s ]

[ 2013-02-21T23:26:12+08:00 ] 127.0.0.1 /Admin/index.php/Node/index/?_=1361460371728
INFO: [ app_begin ] --START--
INFO: Run ReadHtmlCache Behavior [ RunTime:0.000804s ]
INFO: [ app_begin ] --END-- [ RunTime:0.000933s ]
SQL: SHOW COLUMNS FROM `dd_group` [ RunTime:0.018999s ]
SQL: SELECT `id`,`title` FROM `dd_group` WHERE ( status=1 )  [ RunTime:0.000596s ]
SQL: SHOW COLUMNS FROM `dd_node` [ RunTime:0.023119s ]
NOTIC: [8] Undefined index: pid D:\www\ddpms\ddpms\Admin\Lib\Action\NodeAction.class.php 第 11 行.
SQL: SHOW COLUMNS FROM `dd_node` [ RunTime:0.009887s ]
SQL: SELECT * FROM `dd_node` WHERE ( `id` = 0 ) LIMIT 1   [ RunTime:0.000458s ]
SQL: SELECT COUNT(id) AS tp_count FROM `dd_node` WHERE ( `pid` = 0 ) LIMIT 1   [ RunTime:0.000494s ]
SQL: SELECT * FROM `dd_node` WHERE ( `pid` = 0 ) ORDER BY `id` desc LIMIT 0,20   [ RunTime:0.000576s ]
INFO: [ view_template ] --START--
INFO: Run LocationTemplate Behavior [ RunTime:0.001333s ]
INFO: [ view_template ] --END-- [ RunTime:0.001519s ]
INFO: [ view_parse ] --START--
NOTIC: [8] Undefined index: _order D:\www\ddpms\ddpms\Admin\Runtime\Cache\fc73575304ffe6a06a61dd52ee406a2c.php 第 3 行.
NOTIC: [8] Undefined index: _sort D:\www\ddpms\ddpms\Admin\Runtime\Cache\fc73575304ffe6a06a61dd52ee406a2c.php 第 4 行.
NOTIC: [8] Undefined index: _order D:\www\ddpms\ddpms\Admin\Runtime\Cache\fc73575304ffe6a06a61dd52ee406a2c.php 第 39 行.
NOTIC: [8] Undefined index: _order D:\www\ddpms\ddpms\Admin\Runtime\Cache\fc73575304ffe6a06a61dd52ee406a2c.php 第 40 行.
NOTIC: [8] Undefined index: _order D:\www\ddpms\ddpms\Admin\Runtime\Cache\fc73575304ffe6a06a61dd52ee406a2c.php 第 43 行.
NOTIC: [8] Undefined index: _order D:\www\ddpms\ddpms\Admin\Runtime\Cache\fc73575304ffe6a06a61dd52ee406a2c.php 第 44 行.
SQL: SHOW COLUMNS FROM `dd_group` [ RunTime:0.009939s ]
SQL: SELECT `id`,`title` FROM `dd_group`  [ RunTime:0.000303s ]
NOTIC: [8] Undefined index: sequence D:\www\ddpms\ddpms\Admin\Runtime\Cache\fc73575304ffe6a06a61dd52ee406a2c.php 第 54 行.
NOTIC: [8] Undefined index: sequence D:\www\ddpms\ddpms\Admin\Runtime\Cache\fc73575304ffe6a06a61dd52ee406a2c.php 第 54 行.
INFO: Run ParseTemplate Behavior [ RunTime:0.030669s ]
INFO: [ view_parse ] --END-- [ RunTime:0.030783s ]
INFO: [ view_filter ] --START--
INFO: Run ContentReplace Behavior [ RunTime:0.000688s ]
INFO: Run TokenBuild Behavior [ RunTime:0.000562s ]
INFO: Run WriteHtmlCache Behavior [ RunTime:0.000396s ]
INFO: Run ShowRuntime Behavior [ RunTime:0.000779s ]
INFO: [ view_filter ] --END-- [ RunTime:0.002749s ]
INFO: [ view_end ] --START--
INFO: Run ShowPageTrace Behavior [ RunTime:0.000723s ]
INFO: [ view_end ] --END-- [ RunTime:0.000828s ]

[ 2013-02-21T23:26:16+08:00 ] 127.0.0.1 /Admin/index.php/Materials/index/?_=1361460375361
INFO: [ app_begin ] --START--
INFO: Run ReadHtmlCache Behavior [ RunTime:0.000740s ]
INFO: [ app_begin ] --END-- [ RunTime:0.000875s ]
SQL: SHOW COLUMNS FROM `dd_provider` [ RunTime:0.046924s ]
SQL: SELECT `id` FROM `dd_provider` WHERE ( flag=1 ) LIMIT 1   [ RunTime:0.000573s ]
SQL: SHOW COLUMNS FROM `dd_provider` [ RunTime:0.022015s ]
SQL: SELECT COUNT(id) AS tp_count FROM `dd_provider` LIMIT 1   [ RunTime:0.000296s ]
SQL: SELECT * FROM `dd_provider` ORDER BY `id` desc LIMIT 0,20   [ RunTime:0.000424s ]
INFO: [ view_template ] --START--
INFO: Run LocationTemplate Behavior [ RunTime:0.000825s ]
INFO: [ view_template ] --END-- [ RunTime:0.000964s ]
INFO: [ view_parse ] --START--
NOTIC: [8] Undefined index: _order D:\www\ddpms\ddpms\Admin\Runtime\Cache\4c3d88ae25e1912550252f07f56b2eec.php 第 3 行.
NOTIC: [8] Undefined index: _sort D:\www\ddpms\ddpms\Admin\Runtime\Cache\4c3d88ae25e1912550252f07f56b2eec.php 第 4 行.
NOTIC: [8] Undefined index: _order D:\www\ddpms\ddpms\Admin\Runtime\Cache\4c3d88ae25e1912550252f07f56b2eec.php 第 36 行.
NOTIC: [8] Undefined index: _order D:\www\ddpms\ddpms\Admin\Runtime\Cache\4c3d88ae25e1912550252f07f56b2eec.php 第 37 行.
NOTIC: [8] Undefined index: _order D:\www\ddpms\ddpms\Admin\Runtime\Cache\4c3d88ae25e1912550252f07f56b2eec.php 第 40 行.
NOTIC: [8] Undefined index: _order D:\www\ddpms\ddpms\Admin\Runtime\Cache\4c3d88ae25e1912550252f07f56b2eec.php 第 41 行.
INFO: Run ParseTemplate Behavior [ RunTime:0.013908s ]
INFO: [ view_parse ] --END-- [ RunTime:0.014027s ]
INFO: [ view_filter ] --START--
INFO: Run ContentReplace Behavior [ RunTime:0.000861s ]
INFO: Run TokenBuild Behavior [ RunTime:0.000562s ]
INFO: Run WriteHtmlCache Behavior [ RunTime:0.000424s ]
INFO: Run ShowRuntime Behavior [ RunTime:0.000784s ]
INFO: [ view_filter ] --END-- [ RunTime:0.002953s ]
INFO: [ view_end ] --START--
INFO: Run ShowPageTrace Behavior [ RunTime:0.000754s ]
INFO: [ view_end ] --END-- [ RunTime:0.000859s ]

[ 2013-02-21T23:26:31+08:00 ] 127.0.0.1 /Admin/
INFO: [ view_template ] --START--
INFO: Run LocationTemplate Behavior [ RunTime:0.002334s ]
INFO: [ view_template ] --END-- [ RunTime:0.002738s ]
INFO: [ view_parse ] --START--
INFO: Run ParseTemplate Behavior [ RunTime:0.041405s ]
INFO: [ view_parse ] --END-- [ RunTime:0.041687s ]
INFO: [ view_filter ] --START--
INFO: Run ContentReplace Behavior [ RunTime:0.001089s ]
INFO: Run TokenBuild Behavior [ RunTime:0.001105s ]
INFO: Run WriteHtmlCache Behavior [ RunTime:0.000680s ]
INFO: Run ShowRuntime Behavior [ RunTime:0.001018s ]
INFO: [ view_filter ] --END-- [ RunTime:0.004472s ]
INFO: [ view_end ] --START--
INFO: Run ShowPageTrace Behavior [ RunTime:0.001154s ]
INFO: [ view_end ] --END-- [ RunTime:0.001343s ]

[ 2013-02-21T23:28:01+08:00 ] 127.0.0.1 /Admin/
INFO: [ view_template ] --START--
INFO: Run LocationTemplate Behavior [ RunTime:0.001078s ]
INFO: [ view_template ] --END-- [ RunTime:0.001250s ]
INFO: [ view_parse ] --START--
INFO: Run ParseTemplate Behavior [ RunTime:0.018240s ]
INFO: [ view_parse ] --END-- [ RunTime:0.018392s ]
INFO: [ view_filter ] --START--
INFO: Run ContentReplace Behavior [ RunTime:0.000781s ]
INFO: Run TokenBuild Behavior [ RunTime:0.000672s ]
INFO: Run WriteHtmlCache Behavior [ RunTime:0.000478s ]
INFO: Run ShowRuntime Behavior [ RunTime:0.000748s ]
INFO: [ view_filter ] --END-- [ RunTime:0.003072s ]
INFO: [ view_end ] --START--
INFO: Run ShowPageTrace Behavior [ RunTime:0.000864s ]
INFO: [ view_end ] --END-- [ RunTime:0.001012s ]

[ 2013-02-21T23:29:45+08:00 ] 127.0.0.1 /Admin/
INFO: [ view_template ] --START--
INFO: Run LocationTemplate Behavior [ RunTime:0.001292s ]
INFO: [ view_template ] --END-- [ RunTime:0.001517s ]
INFO: [ view_parse ] --START--
INFO: Run ParseTemplate Behavior [ RunTime:0.024385s ]
INFO: [ view_parse ] --END-- [ RunTime:0.024587s ]
INFO: [ view_filter ] --START--
INFO: Run ContentReplace Behavior [ RunTime:0.001161s ]
INFO: Run TokenBuild Behavior [ RunTime:0.000871s ]
INFO: Run WriteHtmlCache Behavior [ RunTime:0.000498s ]
INFO: Run ShowRuntime Behavior [ RunTime:0.000733s ]
INFO: [ view_filter ] --END-- [ RunTime:0.003711s ]
INFO: [ view_end ] --START--
INFO: Run ShowPageTrace Behavior [ RunTime:0.001014s ]
INFO: [ view_end ] --END-- [ RunTime:0.001142s ]

[ 2013-02-21T23:42:16+08:00 ] 127.0.0.1 /Admin/
INFO: [ view_template ] --START--
INFO: Run LocationTemplate Behavior [ RunTime:0.001037s ]
INFO: [ view_template ] --END-- [ RunTime:0.001174s ]
INFO: [ view_parse ] --START--
INFO: Run ParseTemplate Behavior [ RunTime:0.016021s ]
INFO: [ view_parse ] --END-- [ RunTime:0.016157s ]
INFO: [ view_filter ] --START--
INFO: Run ContentReplace Behavior [ RunTime:0.000852s ]
INFO: Run TokenBuild Behavior [ RunTime:0.000725s ]
INFO: Run WriteHtmlCache Behavior [ RunTime:0.000549s ]
INFO: Run ShowRuntime Behavior [ RunTime:0.000807s ]
INFO: [ view_filter ] --END-- [ RunTime:0.003291s ]
INFO: [ view_end ] --START--
INFO: Run ShowPageTrace Behavior [ RunTime:0.000921s ]
INFO: [ view_end ] --END-- [ RunTime:0.001045s ]

[ 2013-02-21T23:49:58+08:00 ] 127.0.0.1 /
INFO: [ view_template ] --START--
INFO: Run LocationTemplate Behavior [ RunTime:0.002530s ]
INFO: [ view_template ] --END-- [ RunTime:0.002926s ]
INFO: [ view_parse ] --START--
INFO: Run ParseTemplate Behavior [ RunTime:0.044799s ]
INFO: [ view_parse ] --END-- [ RunTime:0.045057s ]
INFO: [ view_filter ] --START--
INFO: Run ContentReplace Behavior [ RunTime:0.000926s ]
INFO: Run TokenBuild Behavior [ RunTime:0.000971s ]
INFO: Run WriteHtmlCache Behavior [ RunTime:0.000605s ]
INFO: Run ShowRuntime Behavior [ RunTime:0.000957s ]
INFO: [ view_filter ] --END-- [ RunTime:0.003932s ]
INFO: [ view_end ] --START--
INFO: Run ShowPageTrace Behavior [ RunTime:0.001174s ]
INFO: [ view_end ] --END-- [ RunTime:0.001339s ]

[ 2013-02-21T23:51:00+08:00 ] 127.0.0.1 /
INFO: [ view_template ] --START--
INFO: Run LocationTemplate Behavior [ RunTime:0.002448s ]
INFO: [ view_template ] --END-- [ RunTime:0.003040s ]
INFO: [ view_parse ] --START--
INFO: Run ParseTemplate Behavior [ RunTime:0.028741s ]
INFO: [ view_parse ] --END-- [ RunTime:0.029027s ]
INFO: [ view_filter ] --START--
INFO: Run ContentReplace Behavior [ RunTime:0.001157s ]
INFO: Run TokenBuild Behavior [ RunTime:0.001049s ]
INFO: Run WriteHtmlCache Behavior [ RunTime:0.000782s ]
INFO: Run ShowRuntime Behavior [ RunTime:0.001173s ]
INFO: [ view_filter ] --END-- [ RunTime:0.004719s ]
INFO: [ view_end ] --START--
INFO: Run ShowPageTrace Behavior [ RunTime:0.001393s ]
INFO: [ view_end ] --END-- [ RunTime:0.001589s ]

[ 2013-02-21T23:51:18+08:00 ] 127.0.0.1 /
INFO: [ view_template ] --START--
INFO: Run LocationTemplate Behavior [ RunTime:0.001385s ]
INFO: [ view_template ] --END-- [ RunTime:0.001597s ]
INFO: [ view_parse ] --START--
INFO: Run ParseTemplate Behavior [ RunTime:0.023003s ]
INFO: [ view_parse ] --END-- [ RunTime:0.023172s ]
INFO: [ view_filter ] --START--
INFO: Run ContentReplace Behavior [ RunTime:0.000769s ]
INFO: Run TokenBuild Behavior [ RunTime:0.000655s ]
INFO: Run WriteHtmlCache Behavior [ RunTime:0.000478s ]
INFO: Run ShowRuntime Behavior [ RunTime:0.000745s ]
INFO: [ view_filter ] --END-- [ RunTime:0.003030s ]
INFO: [ view_end ] --START--
INFO: Run ShowPageTrace Behavior [ RunTime:0.000842s ]
INFO: [ view_end ] --END-- [ RunTime:0.000988s ]

[ 2013-02-21T23:53:33+08:00 ] 127.0.0.1 /
INFO: [ view_template ] --START--
INFO: Run LocationTemplate Behavior [ RunTime:0.001337s ]
INFO: [ view_template ] --END-- [ RunTime:0.001551s ]
INFO: [ view_parse ] --START--
INFO: Run ParseTemplate Behavior [ RunTime:0.024511s ]
INFO: [ view_parse ] --END-- [ RunTime:0.024673s ]
INFO: [ view_filter ] --START--
INFO: Run ContentReplace Behavior [ RunTime:0.000778s ]
INFO: Run TokenBuild Behavior [ RunTime:0.000645s ]
INFO: Run WriteHtmlCache Behavior [ RunTime:0.000539s ]
INFO: Run ShowRuntime Behavior [ RunTime:0.000806s ]
INFO: [ view_filter ] --END-- [ RunTime:0.003156s ]
INFO: [ view_end ] --START--
INFO: Run ShowPageTrace Behavior [ RunTime:0.000887s ]
INFO: [ view_end ] --END-- [ RunTime:0.001012s ]

[ 2013-02-21T23:53:35+08:00 ] 127.0.0.1 /index.php/Materials/index/?_=1361462014447
INFO: [ app_begin ] --START--
INFO: Run ReadHtmlCache Behavior [ RunTime:0.000679s ]
INFO: [ app_begin ] --END-- [ RunTime:0.000800s ]
SQL: SHOW COLUMNS FROM `dd_provider` [ RunTime:0.068694s ]
SQL: SELECT `id` FROM `dd_provider` WHERE ( flag=1 ) LIMIT 1   [ RunTime:0.000380s ]
SQL: SHOW COLUMNS FROM `dd_provider` [ RunTime:0.018079s ]
SQL: SELECT COUNT(id) AS tp_count FROM `dd_provider` LIMIT 1   [ RunTime:0.000381s ]
SQL: SELECT * FROM `dd_provider` ORDER BY `id` desc LIMIT 0,20   [ RunTime:0.000428s ]
INFO: [ view_template ] --START--
INFO: Run LocationTemplate Behavior [ RunTime:0.001101s ]
INFO: [ view_template ] --END-- [ RunTime:0.001376s ]
INFO: [ view_parse ] --START--
NOTIC: [8] Undefined index: _order D:\www\ddpms\ddpms\Admin\Runtime\Cache\4c3d88ae25e1912550252f07f56b2eec.php 第 3 行.
NOTIC: [8] Undefined index: _sort D:\www\ddpms\ddpms\Admin\Runtime\Cache\4c3d88ae25e1912550252f07f56b2eec.php 第 4 行.
NOTIC: [8] Undefined index: _order D:\www\ddpms\ddpms\Admin\Runtime\Cache\4c3d88ae25e1912550252f07f56b2eec.php 第 36 行.
NOTIC: [8] Undefined index: _order D:\www\ddpms\ddpms\Admin\Runtime\Cache\4c3d88ae25e1912550252f07f56b2eec.php 第 37 行.
NOTIC: [8] Undefined index: _order D:\www\ddpms\ddpms\Admin\Runtime\Cache\4c3d88ae25e1912550252f07f56b2eec.php 第 40 行.
NOTIC: [8] Undefined index: _order D:\www\ddpms\ddpms\Admin\Runtime\Cache\4c3d88ae25e1912550252f07f56b2eec.php 第 41 行.
INFO: Run ParseTemplate Behavior [ RunTime:0.014269s ]
INFO: [ view_parse ] --END-- [ RunTime:0.014411s ]
INFO: [ view_filter ] --START--
INFO: Run ContentReplace Behavior [ RunTime:0.000613s ]
INFO: Run TokenBuild Behavior [ RunTime:0.000561s ]
INFO: Run WriteHtmlCache Behavior [ RunTime:0.000443s ]
INFO: Run ShowRuntime Behavior [ RunTime:0.000799s ]
INFO: [ view_filter ] --END-- [ RunTime:0.002750s ]
INFO: [ view_end ] --START--
INFO: Run ShowPageTrace Behavior [ RunTime:0.000760s ]
INFO: [ view_end ] --END-- [ RunTime:0.000869s ]

[ 2013-02-21T23:53:38+08:00 ] 127.0.0.1 /index.php/Node/index/?_=1361462017125
INFO: [ app_begin ] --START--
INFO: Run ReadHtmlCache Behavior [ RunTime:0.000798s ]
INFO: [ app_begin ] --END-- [ RunTime:0.000935s ]
SQL: SHOW COLUMNS FROM `dd_group` [ RunTime:0.031645s ]
SQL: SELECT `id`,`title` FROM `dd_group` WHERE ( status=1 )  [ RunTime:0.000380s ]
SQL: SHOW COLUMNS FROM `dd_node` [ RunTime:0.009599s ]
NOTIC: [8] Undefined index: pid D:\www\ddpms\ddpms\Admin\Lib\Action\NodeAction.class.php 第 11 行.
SQL: SHOW COLUMNS FROM `dd_node` [ RunTime:0.008118s ]
SQL: SELECT * FROM `dd_node` WHERE ( `id` = 0 ) LIMIT 1   [ RunTime:0.000425s ]
SQL: SELECT COUNT(id) AS tp_count FROM `dd_node` WHERE ( `pid` = 0 ) LIMIT 1   [ RunTime:0.000407s ]
SQL: SELECT * FROM `dd_node` WHERE ( `pid` = 0 ) ORDER BY `id` desc LIMIT 0,20   [ RunTime:0.000412s ]
INFO: [ view_template ] --START--
INFO: Run LocationTemplate Behavior [ RunTime:0.000776s ]
INFO: [ view_template ] --END-- [ RunTime:0.000897s ]
INFO: [ view_parse ] --START--
NOTIC: [8] Undefined index: _order D:\www\ddpms\ddpms\Admin\Runtime\Cache\fc73575304ffe6a06a61dd52ee406a2c.php 第 3 行.
NOTIC: [8] Undefined index: _sort D:\www\ddpms\ddpms\Admin\Runtime\Cache\fc73575304ffe6a06a61dd52ee406a2c.php 第 4 行.
NOTIC: [8] Undefined index: _order D:\www\ddpms\ddpms\Admin\Runtime\Cache\fc73575304ffe6a06a61dd52ee406a2c.php 第 39 行.
NOTIC: [8] Undefined index: _order D:\www\ddpms\ddpms\Admin\Runtime\Cache\fc73575304ffe6a06a61dd52ee406a2c.php 第 40 行.
NOTIC: [8] Undefined index: _order D:\www\ddpms\ddpms\Admin\Runtime\Cache\fc73575304ffe6a06a61dd52ee406a2c.php 第 43 行.
NOTIC: [8] Undefined index: _order D:\www\ddpms\ddpms\Admin\Runtime\Cache\fc73575304ffe6a06a61dd52ee406a2c.php 第 44 行.
NOTIC: [8] Undefined index: sequence D:\www\ddpms\ddpms\Admin\Runtime\Cache\fc73575304ffe6a06a61dd52ee406a2c.php 第 54 行.
NOTIC: [8] Undefined index: sequence D:\www\ddpms\ddpms\Admin\Runtime\Cache\fc73575304ffe6a06a61dd52ee406a2c.php 第 54 行.
INFO: Run ParseTemplate Behavior [ RunTime:0.014761s ]
INFO: [ view_parse ] --END-- [ RunTime:0.014867s ]
INFO: [ view_filter ] --START--
INFO: Run ContentReplace Behavior [ RunTime:0.000603s ]
INFO: Run TokenBuild Behavior [ RunTime:0.000616s ]
INFO: Run WriteHtmlCache Behavior [ RunTime:0.000407s ]
INFO: Run ShowRuntime Behavior [ RunTime:0.000819s ]
INFO: [ view_filter ] --END-- [ RunTime:0.002806s ]
INFO: [ view_end ] --START--
INFO: Run ShowPageTrace Behavior [ RunTime:0.000726s ]
INFO: [ view_end ] --END-- [ RunTime:0.000837s ]

[ 2013-02-21T23:53:46+08:00 ] 127.0.0.1 /
INFO: [ view_template ] --START--
INFO: Run LocationTemplate Behavior [ RunTime:0.001808s ]
INFO: [ view_template ] --END-- [ RunTime:0.002438s ]
INFO: [ view_parse ] --START--
INFO: Run ParseTemplate Behavior [ RunTime:0.027796s ]
INFO: [ view_parse ] --END-- [ RunTime:0.028133s ]
INFO: [ view_filter ] --START--
INFO: Run ContentReplace Behavior [ RunTime:0.001095s ]
INFO: Run TokenBuild Behavior [ RunTime:0.001135s ]
INFO: Run WriteHtmlCache Behavior [ RunTime:0.000941s ]
INFO: Run ShowRuntime Behavior [ RunTime:0.001084s ]
INFO: [ view_filter ] --END-- [ RunTime:0.004937s ]
INFO: [ view_end ] --START--
INFO: Run ShowPageTrace Behavior [ RunTime:0.001184s ]
INFO: [ view_end ] --END-- [ RunTime:0.001379s ]

