[ 2013-02-19T10:30:02+08:00 ] 127.0.0.1 /Admin/index.php/Index/index
INFO: [ view_template ] --START--
INFO: Run LocationTemplate Behavior [ RunTime:0.001067s ]
INFO: [ view_template ] --END-- [ RunTime:0.001238s ]
INFO: [ view_parse ] --START--
INFO: Run ParseTemplate Behavior [ RunTime:0.019229s ]
INFO: [ view_parse ] --END-- [ RunTime:0.019419s ]
INFO: [ view_filter ] --START--
INFO: Run ContentReplace Behavior [ RunTime:0.000718s ]
INFO: Run TokenBuild Behavior [ RunTime:0.000698s ]
INFO: Run WriteHtmlCache Behavior [ RunTime:0.000434s ]
INFO: Run ShowRuntime Behavior [ RunTime:0.000782s ]
INFO: [ view_filter ] --END-- [ RunTime:0.003112s ]
INFO: [ view_end ] --START--
INFO: Run ShowPageTrace Behavior [ RunTime:0.000913s ]
INFO: [ view_end ] --END-- [ RunTime:0.001062s ]

[ 2013-02-19T10:30:04+08:00 ] 127.0.0.1 /Admin/index.php/Materials/index/?_=1361241004574
INFO: [ app_begin ] --START--
INFO: Run ReadHtmlCache Behavior [ RunTime:0.000757s ]
INFO: [ app_begin ] --END-- [ RunTime:0.000895s ]
SQL: SHOW COLUMNS FROM `provider` [ RunTime:0.039563s ]
SQL: SELECT `id` FROM `provider` WHERE ( flag=1 ) LIMIT 1   [ RunTime:0.000447s ]
SQL: SHOW COLUMNS FROM `provider` [ RunTime:0.007070s ]
SQL: SELECT COUNT(id) AS tp_count FROM `provider` LIMIT 1   [ RunTime:0.000849s ]
SQL: SELECT * FROM `provider` ORDER BY `id` desc LIMIT 0,20   [ RunTime:0.000504s ]
INFO: [ view_template ] --START--
INFO: Run LocationTemplate Behavior [ RunTime:0.000993s ]
INFO: [ view_template ] --END-- [ RunTime:0.001132s ]
INFO: [ view_parse ] --START--
NOTIC: [8] Undefined index: _order D:\www\dpms\Admin\Runtime\Cache\4c3d88ae25e1912550252f07f56b2eec.php 第 3 行.
NOTIC: [8] Undefined index: _sort D:\www\dpms\Admin\Runtime\Cache\4c3d88ae25e1912550252f07f56b2eec.php 第 4 行.
NOTIC: [8] Undefined index: _order D:\www\dpms\Admin\Runtime\Cache\4c3d88ae25e1912550252f07f56b2eec.php 第 36 行.
NOTIC: [8] Undefined index: _order D:\www\dpms\Admin\Runtime\Cache\4c3d88ae25e1912550252f07f56b2eec.php 第 37 行.
NOTIC: [8] Undefined index: _order D:\www\dpms\Admin\Runtime\Cache\4c3d88ae25e1912550252f07f56b2eec.php 第 40 行.
NOTIC: [8] Undefined index: _order D:\www\dpms\Admin\Runtime\Cache\4c3d88ae25e1912550252f07f56b2eec.php 第 41 行.
INFO: Run ParseTemplate Behavior [ RunTime:0.039976s ]
INFO: [ view_parse ] --END-- [ RunTime:0.040180s ]
INFO: [ view_filter ] --START--
INFO: Run ContentReplace Behavior [ RunTime:0.000846s ]
INFO: Run TokenBuild Behavior [ RunTime:0.000891s ]
INFO: Run WriteHtmlCache Behavior [ RunTime:0.000464s ]
INFO: Run ShowRuntime Behavior [ RunTime:0.001050s ]
INFO: [ view_filter ] --END-- [ RunTime:0.003757s ]
INFO: [ view_end ] --START--
INFO: Run ShowPageTrace Behavior [ RunTime:0.001022s ]
INFO: [ view_end ] --END-- [ RunTime:0.001193s ]

[ 2013-02-19T10:30:10+08:00 ] 127.0.0.1 /Admin/index.php/Materials/add?_=1361241010214
INFO: [ app_begin ] --START--
INFO: Run ReadHtmlCache Behavior [ RunTime:0.000629s ]
INFO: [ app_begin ] --END-- [ RunTime:0.000733s ]
INFO: [ view_template ] --START--
INFO: Run LocationTemplate Behavior [ RunTime:0.000792s ]
INFO: [ view_template ] --END-- [ RunTime:0.000956s ]
INFO: [ view_parse ] --START--
NOTIC: [8] Undefined variable: list D:\www\dpms\Admin\Runtime\Cache\9a3e693f0bd53e803e133d0808eaca5c.php 第 19 行.
INFO: Run ParseTemplate Behavior [ RunTime:0.021682s ]
INFO: [ view_parse ] --END-- [ RunTime:0.021797s ]
INFO: [ view_filter ] --START--
INFO: Run ContentReplace Behavior [ RunTime:0.000365s ]
INFO: Run TokenBuild Behavior [ RunTime:0.000440s ]
INFO: Run WriteHtmlCache Behavior [ RunTime:0.000357s ]
INFO: Run ShowRuntime Behavior [ RunTime:0.001068s ]
INFO: [ view_filter ] --END-- [ RunTime:0.002543s ]
INFO: [ view_end ] --START--
INFO: Run ShowPageTrace Behavior [ RunTime:0.000641s ]
INFO: [ view_end ] --END-- [ RunTime:0.000720s ]

[ 2013-02-19T10:30:18+08:00 ] 127.0.0.1 /Admin/index.php/Node/index/?_=1361241018747
INFO: [ app_begin ] --START--
INFO: Run ReadHtmlCache Behavior [ RunTime:0.000678s ]
INFO: [ app_begin ] --END-- [ RunTime:0.000798s ]
SQL: SHOW COLUMNS FROM `group` [ RunTime:0.038941s ]
SQL: SELECT `id`,`title` FROM `group` WHERE ( status=1 )  [ RunTime:0.000397s ]
SQL: SHOW COLUMNS FROM `node` [ RunTime:0.005598s ]
NOTIC: [8] Undefined index: pid D:\www\dpms\Admin\Lib\Action\NodeAction.class.php 第 11 行.
SQL: SHOW COLUMNS FROM `node` [ RunTime:0.005495s ]
SQL: SELECT * FROM `node` WHERE ( `id` = 0 ) LIMIT 1   [ RunTime:0.000361s ]
SQL: SELECT COUNT(id) AS tp_count FROM `node` WHERE ( `pid` = 0 ) LIMIT 1   [ RunTime:0.000459s ]
SQL: SELECT * FROM `node` WHERE ( `pid` = 0 ) ORDER BY `id` desc LIMIT 0,20   [ RunTime:0.000624s ]
INFO: [ view_template ] --START--
INFO: Run LocationTemplate Behavior [ RunTime:0.016169s ]
INFO: [ view_template ] --END-- [ RunTime:0.016296s ]
INFO: [ view_parse ] --START--
NOTIC: [8] Undefined index: _order D:\www\dpms\Admin\Runtime\Cache\fc73575304ffe6a06a61dd52ee406a2c.php 第 3 行.
NOTIC: [8] Undefined index: _sort D:\www\dpms\Admin\Runtime\Cache\fc73575304ffe6a06a61dd52ee406a2c.php 第 4 行.
NOTIC: [8] Undefined index: _order D:\www\dpms\Admin\Runtime\Cache\fc73575304ffe6a06a61dd52ee406a2c.php 第 39 行.
NOTIC: [8] Undefined index: _order D:\www\dpms\Admin\Runtime\Cache\fc73575304ffe6a06a61dd52ee406a2c.php 第 40 行.
NOTIC: [8] Undefined index: _order D:\www\dpms\Admin\Runtime\Cache\fc73575304ffe6a06a61dd52ee406a2c.php 第 43 行.
NOTIC: [8] Undefined index: _order D:\www\dpms\Admin\Runtime\Cache\fc73575304ffe6a06a61dd52ee406a2c.php 第 44 行.
SQL: SHOW COLUMNS FROM `group` [ RunTime:0.004260s ]
SQL: SELECT `id`,`title` FROM `group`  [ RunTime:0.000303s ]
NOTIC: [8] Undefined index: sequence D:\www\dpms\Admin\Runtime\Cache\fc73575304ffe6a06a61dd52ee406a2c.php 第 54 行.
NOTIC: [8] Undefined index: sequence D:\www\dpms\Admin\Runtime\Cache\fc73575304ffe6a06a61dd52ee406a2c.php 第 54 行.
INFO: Run ParseTemplate Behavior [ RunTime:0.025074s ]
INFO: [ view_parse ] --END-- [ RunTime:0.025178s ]
INFO: [ view_filter ] --START--
INFO: Run ContentReplace Behavior [ RunTime:0.000726s ]
INFO: Run TokenBuild Behavior [ RunTime:0.000480s ]
INFO: Run WriteHtmlCache Behavior [ RunTime:0.000327s ]
INFO: Run ShowRuntime Behavior [ RunTime:0.000731s ]
INFO: [ view_filter ] --END-- [ RunTime:0.002532s ]
INFO: [ view_end ] --START--
INFO: Run ShowPageTrace Behavior [ RunTime:0.000650s ]
INFO: [ view_end ] --END-- [ RunTime:0.000745s ]

[ 2013-02-19T10:30:20+08:00 ] 127.0.0.1 /Admin/index.php/Role/index/?_=1361241020088
INFO: [ app_begin ] --START--
INFO: Run ReadHtmlCache Behavior [ RunTime:0.001183s ]
INFO: [ app_begin ] --END-- [ RunTime:0.001372s ]
SQL: SHOW COLUMNS FROM `role` [ RunTime:0.023109s ]
NOTIC: [8] Undefined index: name D:\www\dpms\Admin\Lib\Action\RoleAction.class.php 第 5 行.
SQL: SELECT COUNT(id) AS tp_count FROM `role` WHERE ( `name` LIKE '%%' ) LIMIT 1   [ RunTime:0.000279s ]
SQL: SELECT * FROM `role` WHERE ( `name` LIKE '%%' ) ORDER BY `id` desc LIMIT 0,20   [ RunTime:0.000242s ]
INFO: [ view_template ] --START--
INFO: Run LocationTemplate Behavior [ RunTime:0.029610s ]
INFO: [ view_template ] --END-- [ RunTime:0.029756s ]
INFO: [ view_parse ] --START--
NOTIC: [8] Undefined index: _order D:\www\dpms\Admin\Runtime\Cache\540802f0bd02d0614ae5d372827d97f4.php 第 3 行.
NOTIC: [8] Undefined index: _sort D:\www\dpms\Admin\Runtime\Cache\540802f0bd02d0614ae5d372827d97f4.php 第 4 行.
NOTIC: [8] Undefined index: _order D:\www\dpms\Admin\Runtime\Cache\540802f0bd02d0614ae5d372827d97f4.php 第 39 行.
NOTIC: [8] Undefined index: _order D:\www\dpms\Admin\Runtime\Cache\540802f0bd02d0614ae5d372827d97f4.php 第 41 行.
INFO: Run ParseTemplate Behavior [ RunTime:0.021154s ]
INFO: [ view_parse ] --END-- [ RunTime:0.021300s ]
INFO: [ view_filter ] --START--
INFO: Run ContentReplace Behavior [ RunTime:0.000636s ]
INFO: Run TokenBuild Behavior [ RunTime:0.000611s ]
INFO: Run WriteHtmlCache Behavior [ RunTime:0.000602s ]
INFO: Run ShowRuntime Behavior [ RunTime:0.001249s ]
INFO: [ view_filter ] --END-- [ RunTime:0.003533s ]
INFO: [ view_end ] --START--
INFO: Run ShowPageTrace Behavior [ RunTime:0.000928s ]
INFO: [ view_end ] --END-- [ RunTime:0.001077s ]

[ 2013-02-19T10:30:28+08:00 ] 127.0.0.1 /Admin/
INFO: [ view_template ] --START--
INFO: Run LocationTemplate Behavior [ RunTime:0.000551s ]
INFO: [ view_template ] --END-- [ RunTime:0.000633s ]
INFO: [ view_parse ] --START--
INFO: Run ParseTemplate Behavior [ RunTime:0.009469s ]
INFO: [ view_parse ] --END-- [ RunTime:0.009559s ]
INFO: [ view_filter ] --START--
INFO: Run ContentReplace Behavior [ RunTime:0.000336s ]
INFO: Run TokenBuild Behavior [ RunTime:0.000301s ]
INFO: Run WriteHtmlCache Behavior [ RunTime:0.000202s ]
INFO: Run ShowRuntime Behavior [ RunTime:0.000380s ]
INFO: [ view_filter ] --END-- [ RunTime:0.001421s ]
INFO: [ view_end ] --START--
INFO: Run ShowPageTrace Behavior [ RunTime:0.000428s ]
INFO: [ view_end ] --END-- [ RunTime:0.000502s ]

[ 2013-02-19T10:30:30+08:00 ] 127.0.0.1 /Admin/index.php/Materials/index/?_=1361241030263
INFO: [ app_begin ] --START--
INFO: Run ReadHtmlCache Behavior [ RunTime:0.000880s ]
INFO: [ app_begin ] --END-- [ RunTime:0.001038s ]
SQL: SHOW COLUMNS FROM `provider` [ RunTime:0.003326s ]
SQL: SELECT `id` FROM `provider` WHERE ( flag=1 ) LIMIT 1   [ RunTime:0.000223s ]
SQL: SHOW COLUMNS FROM `provider` [ RunTime:0.002801s ]
SQL: SELECT COUNT(id) AS tp_count FROM `provider` LIMIT 1   [ RunTime:0.000207s ]
SQL: SELECT * FROM `provider` ORDER BY `id` desc LIMIT 0,20   [ RunTime:0.000276s ]
INFO: [ view_template ] --START--
INFO: Run LocationTemplate Behavior [ RunTime:0.000730s ]
INFO: [ view_template ] --END-- [ RunTime:0.000833s ]
INFO: [ view_parse ] --START--
NOTIC: [8] Undefined index: _order D:\www\dpms\Admin\Runtime\Cache\4c3d88ae25e1912550252f07f56b2eec.php 第 3 行.
NOTIC: [8] Undefined index: _sort D:\www\dpms\Admin\Runtime\Cache\4c3d88ae25e1912550252f07f56b2eec.php 第 4 行.
NOTIC: [8] Undefined index: _order D:\www\dpms\Admin\Runtime\Cache\4c3d88ae25e1912550252f07f56b2eec.php 第 36 行.
NOTIC: [8] Undefined index: _order D:\www\dpms\Admin\Runtime\Cache\4c3d88ae25e1912550252f07f56b2eec.php 第 37 行.
NOTIC: [8] Undefined index: _order D:\www\dpms\Admin\Runtime\Cache\4c3d88ae25e1912550252f07f56b2eec.php 第 40 行.
NOTIC: [8] Undefined index: _order D:\www\dpms\Admin\Runtime\Cache\4c3d88ae25e1912550252f07f56b2eec.php 第 41 行.
INFO: Run ParseTemplate Behavior [ RunTime:0.009476s ]
INFO: [ view_parse ] --END-- [ RunTime:0.009548s ]
INFO: [ view_filter ] --START--
INFO: Run ContentReplace Behavior [ RunTime:0.000326s ]
INFO: Run TokenBuild Behavior [ RunTime:0.000302s ]
INFO: Run WriteHtmlCache Behavior [ RunTime:0.000200s ]
INFO: Run ShowRuntime Behavior [ RunTime:0.000461s ]
INFO: [ view_filter ] --END-- [ RunTime:0.001455s ]
INFO: [ view_end ] --START--
INFO: Run ShowPageTrace Behavior [ RunTime:0.000412s ]
INFO: [ view_end ] --END-- [ RunTime:0.000472s ]

[ 2013-02-19T10:30:34+08:00 ] 127.0.0.1 /Admin/index.php/Node/index/?_=1361241034859
INFO: [ app_begin ] --START--
INFO: Run ReadHtmlCache Behavior [ RunTime:0.002716s ]
INFO: [ app_begin ] --END-- [ RunTime:0.002834s ]
SQL: SHOW COLUMNS FROM `group` [ RunTime:0.003684s ]
SQL: SELECT `id`,`title` FROM `group` WHERE ( status=1 )  [ RunTime:0.000259s ]
SQL: SHOW COLUMNS FROM `node` [ RunTime:0.003769s ]
NOTIC: [8] Undefined index: pid D:\www\dpms\Admin\Lib\Action\NodeAction.class.php 第 11 行.
SQL: SHOW COLUMNS FROM `node` [ RunTime:0.003179s ]
SQL: SELECT * FROM `node` WHERE ( `id` = 0 ) LIMIT 1   [ RunTime:0.000350s ]
SQL: SELECT COUNT(id) AS tp_count FROM `node` WHERE ( `pid` = 0 ) LIMIT 1   [ RunTime:0.000355s ]
SQL: SELECT * FROM `node` WHERE ( `pid` = 0 ) ORDER BY `id` desc LIMIT 0,20   [ RunTime:0.000341s ]
INFO: [ view_template ] --START--
INFO: Run LocationTemplate Behavior [ RunTime:0.000387s ]
INFO: [ view_template ] --END-- [ RunTime:0.000454s ]
INFO: [ view_parse ] --START--
NOTIC: [8] Undefined index: _order D:\www\dpms\Admin\Runtime\Cache\fc73575304ffe6a06a61dd52ee406a2c.php 第 3 行.
NOTIC: [8] Undefined index: _sort D:\www\dpms\Admin\Runtime\Cache\fc73575304ffe6a06a61dd52ee406a2c.php 第 4 行.
NOTIC: [8] Undefined index: _order D:\www\dpms\Admin\Runtime\Cache\fc73575304ffe6a06a61dd52ee406a2c.php 第 39 行.
NOTIC: [8] Undefined index: _order D:\www\dpms\Admin\Runtime\Cache\fc73575304ffe6a06a61dd52ee406a2c.php 第 40 行.
NOTIC: [8] Undefined index: _order D:\www\dpms\Admin\Runtime\Cache\fc73575304ffe6a06a61dd52ee406a2c.php 第 43 行.
NOTIC: [8] Undefined index: _order D:\www\dpms\Admin\Runtime\Cache\fc73575304ffe6a06a61dd52ee406a2c.php 第 44 行.
NOTIC: [8] Undefined index: sequence D:\www\dpms\Admin\Runtime\Cache\fc73575304ffe6a06a61dd52ee406a2c.php 第 54 行.
NOTIC: [8] Undefined index: sequence D:\www\dpms\Admin\Runtime\Cache\fc73575304ffe6a06a61dd52ee406a2c.php 第 54 行.
INFO: Run ParseTemplate Behavior [ RunTime:0.009227s ]
INFO: [ view_parse ] --END-- [ RunTime:0.009299s ]
INFO: [ view_filter ] --START--
INFO: Run ContentReplace Behavior [ RunTime:0.000350s ]
INFO: Run TokenBuild Behavior [ RunTime:0.000316s ]
INFO: Run WriteHtmlCache Behavior [ RunTime:0.000219s ]
INFO: Run ShowRuntime Behavior [ RunTime:0.000479s ]
INFO: [ view_filter ] --END-- [ RunTime:0.001538s ]
INFO: [ view_end ] --START--
INFO: Run ShowPageTrace Behavior [ RunTime:0.000443s ]
INFO: [ view_end ] --END-- [ RunTime:0.000513s ]

[ 2013-02-19T10:30:38+08:00 ] 127.0.0.1 /Admin/index.php/Node/edit/id/85?_=1361241038341
INFO: [ app_begin ] --START--
INFO: Run ReadHtmlCache Behavior [ RunTime:0.000405s ]
INFO: [ app_begin ] --END-- [ RunTime:0.000474s ]
SQL: SHOW COLUMNS FROM `group` [ RunTime:0.005578s ]
SQL: SELECT * FROM `group` WHERE ( status=1 )  [ RunTime:0.000454s ]
SQL: SHOW COLUMNS FROM `node` [ RunTime:0.005043s ]
SQL: SELECT * FROM `node` WHERE ( `id` = 85 ) LIMIT 1   [ RunTime:0.000397s ]
INFO: [ view_template ] --START--
INFO: Run LocationTemplate Behavior [ RunTime:0.000928s ]
INFO: [ view_template ] --END-- [ RunTime:0.001091s ]
INFO: [ view_parse ] --START--
INFO: Run ParseTemplate Behavior [ RunTime:0.034946s ]
INFO: [ view_parse ] --END-- [ RunTime:0.035030s ]
INFO: [ view_filter ] --START--
INFO: Run ContentReplace Behavior [ RunTime:0.000302s ]
INFO: Run TokenBuild Behavior [ RunTime:0.000300s ]
INFO: Run WriteHtmlCache Behavior [ RunTime:0.000201s ]
INFO: Run ShowRuntime Behavior [ RunTime:0.000463s ]
INFO: [ view_filter ] --END-- [ RunTime:0.001439s ]
INFO: [ view_end ] --START--
INFO: Run ShowPageTrace Behavior [ RunTime:0.000422s ]
INFO: [ view_end ] --END-- [ RunTime:0.000485s ]

[ 2013-02-19T10:30:42+08:00 ] 127.0.0.1 /Admin/index.php/Role/index/?_=1361241042078
INFO: [ app_begin ] --START--
INFO: Run ReadHtmlCache Behavior [ RunTime:0.000875s ]
INFO: [ app_begin ] --END-- [ RunTime:0.001022s ]
SQL: SHOW COLUMNS FROM `role` [ RunTime:0.003580s ]
NOTIC: [8] Undefined index: name D:\www\dpms\Admin\Lib\Action\RoleAction.class.php 第 5 行.
SQL: SELECT COUNT(id) AS tp_count FROM `role` WHERE ( `name` LIKE '%%' ) LIMIT 1   [ RunTime:0.000228s ]
SQL: SELECT * FROM `role` WHERE ( `name` LIKE '%%' ) ORDER BY `id` desc LIMIT 0,20   [ RunTime:0.000248s ]
INFO: [ view_template ] --START--
INFO: Run LocationTemplate Behavior [ RunTime:0.000477s ]
INFO: [ view_template ] --END-- [ RunTime:0.000546s ]
INFO: [ view_parse ] --START--
NOTIC: [8] Undefined index: _order D:\www\dpms\Admin\Runtime\Cache\540802f0bd02d0614ae5d372827d97f4.php 第 3 行.
NOTIC: [8] Undefined index: _sort D:\www\dpms\Admin\Runtime\Cache\540802f0bd02d0614ae5d372827d97f4.php 第 4 行.
NOTIC: [8] Undefined index: _order D:\www\dpms\Admin\Runtime\Cache\540802f0bd02d0614ae5d372827d97f4.php 第 39 行.
NOTIC: [8] Undefined index: _order D:\www\dpms\Admin\Runtime\Cache\540802f0bd02d0614ae5d372827d97f4.php 第 41 行.
INFO: Run ParseTemplate Behavior [ RunTime:0.009903s ]
INFO: [ view_parse ] --END-- [ RunTime:0.010025s ]
INFO: [ view_filter ] --START--
INFO: Run ContentReplace Behavior [ RunTime:0.000561s ]
INFO: Run TokenBuild Behavior [ RunTime:0.000515s ]
INFO: Run WriteHtmlCache Behavior [ RunTime:0.000332s ]
INFO: Run ShowRuntime Behavior [ RunTime:0.000765s ]
INFO: [ view_filter ] --END-- [ RunTime:0.002491s ]
INFO: [ view_end ] --START--
INFO: Run ShowPageTrace Behavior [ RunTime:0.000685s ]
INFO: [ view_end ] --END-- [ RunTime:0.000791s ]

[ 2013-02-19T10:30:49+08:00 ] 127.0.0.1 /Admin/index.php/Node/index/?_=1361241048984
INFO: [ app_begin ] --START--
INFO: Run ReadHtmlCache Behavior [ RunTime:0.000460s ]
INFO: [ app_begin ] --END-- [ RunTime:0.000529s ]
SQL: SHOW COLUMNS FROM `group` [ RunTime:0.003732s ]
SQL: SELECT `id`,`title` FROM `group` WHERE ( status=1 )  [ RunTime:0.000268s ]
SQL: SHOW COLUMNS FROM `node` [ RunTime:0.004902s ]
NOTIC: [8] Undefined index: pid D:\www\dpms\Admin\Lib\Action\NodeAction.class.php 第 11 行.
SQL: SHOW COLUMNS FROM `node` [ RunTime:0.003711s ]
SQL: SELECT * FROM `node` WHERE ( `id` = 0 ) LIMIT 1   [ RunTime:0.000345s ]
SQL: SELECT COUNT(id) AS tp_count FROM `node` WHERE ( `pid` = 0 ) LIMIT 1   [ RunTime:0.000281s ]
SQL: SELECT * FROM `node` WHERE ( `pid` = 0 ) ORDER BY `id` desc LIMIT 0,20   [ RunTime:0.000290s ]
INFO: [ view_template ] --START--
INFO: Run LocationTemplate Behavior [ RunTime:0.000546s ]
INFO: [ view_template ] --END-- [ RunTime:0.000614s ]
INFO: [ view_parse ] --START--
NOTIC: [8] Undefined index: _order D:\www\dpms\Admin\Runtime\Cache\fc73575304ffe6a06a61dd52ee406a2c.php 第 3 行.
NOTIC: [8] Undefined index: _sort D:\www\dpms\Admin\Runtime\Cache\fc73575304ffe6a06a61dd52ee406a2c.php 第 4 行.
NOTIC: [8] Undefined index: _order D:\www\dpms\Admin\Runtime\Cache\fc73575304ffe6a06a61dd52ee406a2c.php 第 39 行.
NOTIC: [8] Undefined index: _order D:\www\dpms\Admin\Runtime\Cache\fc73575304ffe6a06a61dd52ee406a2c.php 第 40 行.
NOTIC: [8] Undefined index: _order D:\www\dpms\Admin\Runtime\Cache\fc73575304ffe6a06a61dd52ee406a2c.php 第 43 行.
NOTIC: [8] Undefined index: _order D:\www\dpms\Admin\Runtime\Cache\fc73575304ffe6a06a61dd52ee406a2c.php 第 44 行.
NOTIC: [8] Undefined index: sequence D:\www\dpms\Admin\Runtime\Cache\fc73575304ffe6a06a61dd52ee406a2c.php 第 54 行.
NOTIC: [8] Undefined index: sequence D:\www\dpms\Admin\Runtime\Cache\fc73575304ffe6a06a61dd52ee406a2c.php 第 54 行.
INFO: Run ParseTemplate Behavior [ RunTime:0.009971s ]
INFO: [ view_parse ] --END-- [ RunTime:0.010042s ]
INFO: [ view_filter ] --START--
INFO: Run ContentReplace Behavior [ RunTime:0.000391s ]
INFO: Run TokenBuild Behavior [ RunTime:0.000355s ]
INFO: Run WriteHtmlCache Behavior [ RunTime:0.000255s ]
INFO: Run ShowRuntime Behavior [ RunTime:0.000629s ]
INFO: [ view_filter ] --END-- [ RunTime:0.001803s ]
INFO: [ view_end ] --START--
INFO: Run ShowPageTrace Behavior [ RunTime:0.000505s ]
INFO: [ view_end ] --END-- [ RunTime:0.000568s ]

[ 2013-02-19T10:30:50+08:00 ] 127.0.0.1 /Admin/index.php/Materials/index/?_=1361241049992
INFO: [ app_begin ] --START--
INFO: Run ReadHtmlCache Behavior [ RunTime:0.000872s ]
INFO: [ app_begin ] --END-- [ RunTime:0.001015s ]
SQL: SHOW COLUMNS FROM `provider` [ RunTime:0.003171s ]
SQL: SELECT `id` FROM `provider` WHERE ( flag=1 ) LIMIT 1   [ RunTime:0.000285s ]
SQL: SHOW COLUMNS FROM `provider` [ RunTime:0.003261s ]
SQL: SELECT COUNT(id) AS tp_count FROM `provider` LIMIT 1   [ RunTime:0.000309s ]
SQL: SELECT * FROM `provider` ORDER BY `id` desc LIMIT 0,20   [ RunTime:0.000320s ]
INFO: [ view_template ] --START--
INFO: Run LocationTemplate Behavior [ RunTime:0.000470s ]
INFO: [ view_template ] --END-- [ RunTime:0.000539s ]
INFO: [ view_parse ] --START--
NOTIC: [8] Undefined index: _order D:\www\dpms\Admin\Runtime\Cache\4c3d88ae25e1912550252f07f56b2eec.php 第 3 行.
NOTIC: [8] Undefined index: _sort D:\www\dpms\Admin\Runtime\Cache\4c3d88ae25e1912550252f07f56b2eec.php 第 4 行.
NOTIC: [8] Undefined index: _order D:\www\dpms\Admin\Runtime\Cache\4c3d88ae25e1912550252f07f56b2eec.php 第 36 行.
NOTIC: [8] Undefined index: _order D:\www\dpms\Admin\Runtime\Cache\4c3d88ae25e1912550252f07f56b2eec.php 第 37 行.
NOTIC: [8] Undefined index: _order D:\www\dpms\Admin\Runtime\Cache\4c3d88ae25e1912550252f07f56b2eec.php 第 40 行.
NOTIC: [8] Undefined index: _order D:\www\dpms\Admin\Runtime\Cache\4c3d88ae25e1912550252f07f56b2eec.php 第 41 行.
INFO: Run ParseTemplate Behavior [ RunTime:0.009943s ]
INFO: [ view_parse ] --END-- [ RunTime:0.010039s ]
INFO: [ view_filter ] --START--
INFO: Run ContentReplace Behavior [ RunTime:0.000332s ]
INFO: Run TokenBuild Behavior [ RunTime:0.000312s ]
INFO: Run WriteHtmlCache Behavior [ RunTime:0.000223s ]
INFO: Run ShowRuntime Behavior [ RunTime:0.000476s ]
INFO: [ view_filter ] --END-- [ RunTime:0.001520s ]
INFO: [ view_end ] --START--
INFO: Run ShowPageTrace Behavior [ RunTime:0.000475s ]
INFO: [ view_end ] --END-- [ RunTime:0.000539s ]

[ 2013-02-19T10:30:53+08:00 ] 127.0.0.1 /Admin/index.php/Materials/add?_=1361241053678
INFO: [ app_begin ] --START--
INFO: Run ReadHtmlCache Behavior [ RunTime:0.000507s ]
INFO: [ app_begin ] --END-- [ RunTime:0.000592s ]
INFO: [ view_template ] --START--
INFO: Run LocationTemplate Behavior [ RunTime:0.000431s ]
INFO: [ view_template ] --END-- [ RunTime:0.000513s ]
INFO: [ view_parse ] --START--
NOTIC: [8] Undefined variable: list D:\www\dpms\Admin\Runtime\Cache\9a3e693f0bd53e803e133d0808eaca5c.php 第 19 行.
INFO: Run ParseTemplate Behavior [ RunTime:0.007510s ]
INFO: [ view_parse ] --END-- [ RunTime:0.007590s ]
INFO: [ view_filter ] --START--
INFO: Run ContentReplace Behavior [ RunTime:0.000593s ]
INFO: Run TokenBuild Behavior [ RunTime:0.000711s ]
INFO: Run WriteHtmlCache Behavior [ RunTime:0.000482s ]
INFO: Run ShowRuntime Behavior [ RunTime:0.000534s ]
INFO: [ view_filter ] --END-- [ RunTime:0.002668s ]
INFO: [ view_end ] --START--
INFO: Run ShowPageTrace Behavior [ RunTime:0.000760s ]
INFO: [ view_end ] --END-- [ RunTime:0.000879s ]

[ 2013-02-19T10:31:07+08:00 ] 127.0.0.1 /Admin/index.php/Materials/index/?_=1361241066982
INFO: [ app_begin ] --START--
INFO: Run ReadHtmlCache Behavior [ RunTime:0.000434s ]
INFO: [ app_begin ] --END-- [ RunTime:0.000509s ]
SQL: SHOW COLUMNS FROM `provider` [ RunTime:0.003744s ]
SQL: SELECT `id` FROM `provider` WHERE ( flag=1 ) LIMIT 1   [ RunTime:0.000415s ]
SQL: SHOW COLUMNS FROM `provider` [ RunTime:0.002999s ]
SQL: SELECT COUNT(id) AS tp_count FROM `provider` LIMIT 1   [ RunTime:0.000239s ]
SQL: SELECT * FROM `provider` ORDER BY `id` desc LIMIT 0,20   [ RunTime:0.000274s ]
INFO: [ view_template ] --START--
INFO: Run LocationTemplate Behavior [ RunTime:0.000366s ]
INFO: [ view_template ] --END-- [ RunTime:0.000434s ]
INFO: [ view_parse ] --START--
NOTIC: [8] Undefined index: _order D:\www\dpms\Admin\Runtime\Cache\4c3d88ae25e1912550252f07f56b2eec.php 第 3 行.
NOTIC: [8] Undefined index: _sort D:\www\dpms\Admin\Runtime\Cache\4c3d88ae25e1912550252f07f56b2eec.php 第 4 行.
NOTIC: [8] Undefined index: _order D:\www\dpms\Admin\Runtime\Cache\4c3d88ae25e1912550252f07f56b2eec.php 第 36 行.
NOTIC: [8] Undefined index: _order D:\www\dpms\Admin\Runtime\Cache\4c3d88ae25e1912550252f07f56b2eec.php 第 37 行.
NOTIC: [8] Undefined index: _order D:\www\dpms\Admin\Runtime\Cache\4c3d88ae25e1912550252f07f56b2eec.php 第 40 行.
NOTIC: [8] Undefined index: _order D:\www\dpms\Admin\Runtime\Cache\4c3d88ae25e1912550252f07f56b2eec.php 第 41 行.
INFO: Run ParseTemplate Behavior [ RunTime:0.009283s ]
INFO: [ view_parse ] --END-- [ RunTime:0.009361s ]
INFO: [ view_filter ] --START--
INFO: Run ContentReplace Behavior [ RunTime:0.000379s ]
INFO: Run TokenBuild Behavior [ RunTime:0.000311s ]
INFO: Run WriteHtmlCache Behavior [ RunTime:0.000208s ]
INFO: Run ShowRuntime Behavior [ RunTime:0.000467s ]
INFO: [ view_filter ] --END-- [ RunTime:0.001537s ]
INFO: [ view_end ] --START--
INFO: Run ShowPageTrace Behavior [ RunTime:0.000419s ]
INFO: [ view_end ] --END-- [ RunTime:0.000479s ]

[ 2013-02-19T10:31:10+08:00 ] 127.0.0.1 /Admin/index.php/Materials
INFO: [ app_begin ] --START--
INFO: Run ReadHtmlCache Behavior [ RunTime:0.000489s ]
INFO: [ app_begin ] --END-- [ RunTime:0.000573s ]
SQL: SHOW COLUMNS FROM `provider` [ RunTime:0.004994s ]
SQL: SELECT `id` FROM `provider` WHERE ( flag=1 ) LIMIT 1   [ RunTime:0.000413s ]
SQL: SHOW COLUMNS FROM `provider` [ RunTime:0.004766s ]
SQL: SELECT COUNT(id) AS tp_count FROM `provider` WHERE ( `name` = 'dell' ) LIMIT 1   [ RunTime:0.000401s ]
SQL: SELECT * FROM `provider` WHERE ( `name` = 'dell' ) ORDER BY `id` desc LIMIT 0,20   [ RunTime:0.000470s ]
INFO: [ view_template ] --START--
INFO: Run LocationTemplate Behavior [ RunTime:0.000441s ]
INFO: [ view_template ] --END-- [ RunTime:0.000514s ]
INFO: [ view_parse ] --START--
NOTIC: [8] Undefined index: _order D:\www\dpms\Admin\Runtime\Cache\4c3d88ae25e1912550252f07f56b2eec.php 第 3 行.
NOTIC: [8] Undefined index: _sort D:\www\dpms\Admin\Runtime\Cache\4c3d88ae25e1912550252f07f56b2eec.php 第 4 行.
NOTIC: [8] Undefined index: _order D:\www\dpms\Admin\Runtime\Cache\4c3d88ae25e1912550252f07f56b2eec.php 第 36 行.
NOTIC: [8] Undefined index: _order D:\www\dpms\Admin\Runtime\Cache\4c3d88ae25e1912550252f07f56b2eec.php 第 37 行.
NOTIC: [8] Undefined index: _order D:\www\dpms\Admin\Runtime\Cache\4c3d88ae25e1912550252f07f56b2eec.php 第 40 行.
NOTIC: [8] Undefined index: _order D:\www\dpms\Admin\Runtime\Cache\4c3d88ae25e1912550252f07f56b2eec.php 第 41 行.
INFO: Run ParseTemplate Behavior [ RunTime:0.009461s ]
INFO: [ view_parse ] --END-- [ RunTime:0.009544s ]
INFO: [ view_filter ] --START--
INFO: Run ContentReplace Behavior [ RunTime:0.000432s ]
INFO: Run TokenBuild Behavior [ RunTime:0.000347s ]
INFO: Run WriteHtmlCache Behavior [ RunTime:0.000209s ]
INFO: Run ShowRuntime Behavior [ RunTime:0.000480s ]
INFO: [ view_filter ] --END-- [ RunTime:0.001653s ]
INFO: [ view_end ] --START--
INFO: Run ShowPageTrace Behavior [ RunTime:0.000429s ]
INFO: [ view_end ] --END-- [ RunTime:0.000490s ]

[ 2013-02-19T10:31:12+08:00 ] 127.0.0.1 /Admin/index.php/Materials/index/?_=1361241072881
INFO: [ app_begin ] --START--
INFO: Run ReadHtmlCache Behavior [ RunTime:0.000865s ]
INFO: [ app_begin ] --END-- [ RunTime:0.001009s ]
SQL: SHOW COLUMNS FROM `provider` [ RunTime:0.003973s ]
SQL: SELECT `id` FROM `provider` WHERE ( flag=1 ) LIMIT 1   [ RunTime:0.000296s ]
SQL: SHOW COLUMNS FROM `provider` [ RunTime:0.003955s ]
SQL: SELECT COUNT(id) AS tp_count FROM `provider` LIMIT 1   [ RunTime:0.000233s ]
SQL: SELECT * FROM `provider` ORDER BY `id` desc LIMIT 0,20   [ RunTime:0.000228s ]
INFO: [ view_template ] --START--
INFO: Run LocationTemplate Behavior [ RunTime:0.000367s ]
INFO: [ view_template ] --END-- [ RunTime:0.000437s ]
INFO: [ view_parse ] --START--
NOTIC: [8] Undefined index: _order D:\www\dpms\Admin\Runtime\Cache\4c3d88ae25e1912550252f07f56b2eec.php 第 3 行.
NOTIC: [8] Undefined index: _sort D:\www\dpms\Admin\Runtime\Cache\4c3d88ae25e1912550252f07f56b2eec.php 第 4 行.
NOTIC: [8] Undefined index: _order D:\www\dpms\Admin\Runtime\Cache\4c3d88ae25e1912550252f07f56b2eec.php 第 36 行.
NOTIC: [8] Undefined index: _order D:\www\dpms\Admin\Runtime\Cache\4c3d88ae25e1912550252f07f56b2eec.php 第 37 行.
NOTIC: [8] Undefined index: _order D:\www\dpms\Admin\Runtime\Cache\4c3d88ae25e1912550252f07f56b2eec.php 第 40 行.
NOTIC: [8] Undefined index: _order D:\www\dpms\Admin\Runtime\Cache\4c3d88ae25e1912550252f07f56b2eec.php 第 41 行.
INFO: Run ParseTemplate Behavior [ RunTime:0.009235s ]
INFO: [ view_parse ] --END-- [ RunTime:0.009319s ]
INFO: [ view_filter ] --START--
INFO: Run ContentReplace Behavior [ RunTime:0.000313s ]
INFO: Run TokenBuild Behavior [ RunTime:0.000300s ]
INFO: Run WriteHtmlCache Behavior [ RunTime:0.000201s ]
INFO: Run ShowRuntime Behavior [ RunTime:0.000460s ]
INFO: [ view_filter ] --END-- [ RunTime:0.001441s ]
INFO: [ view_end ] --START--
INFO: Run ShowPageTrace Behavior [ RunTime:0.000410s ]
INFO: [ view_end ] --END-- [ RunTime:0.000470s ]

[ 2013-02-19T10:31:22+08:00 ] 127.0.0.1 /Admin/index.php/Public/main?_=1361241082612
INFO: [ app_begin ] --START--
INFO: Run ReadHtmlCache Behavior [ RunTime:0.000777s ]
INFO: [ app_begin ] --END-- [ RunTime:0.000929s ]
INFO: [ view_template ] --START--
INFO: Run LocationTemplate Behavior [ RunTime:0.001087s ]
INFO: [ view_template ] --END-- [ RunTime:0.001311s ]
INFO: [ view_parse ] --START--
INFO: Run ParseTemplate Behavior [ RunTime:0.008206s ]
INFO: [ view_parse ] --END-- [ RunTime:0.008374s ]
INFO: [ view_filter ] --START--
INFO: Run ContentReplace Behavior [ RunTime:0.000403s ]
INFO: Run TokenBuild Behavior [ RunTime:0.000520s ]
INFO: Run WriteHtmlCache Behavior [ RunTime:0.000239s ]
INFO: Run ShowRuntime Behavior [ RunTime:0.000531s ]
INFO: [ view_filter ] --END-- [ RunTime:0.001944s ]
INFO: [ view_end ] --START--
INFO: Run ShowPageTrace Behavior [ RunTime:0.000494s ]
INFO: [ view_end ] --END-- [ RunTime:0.000562s ]

[ 2013-02-19T10:31:29+08:00 ] 127.0.0.1 /Admin/index.php/Public/profile/?_=1361241089633
INFO: [ app_begin ] --START--
INFO: Run ReadHtmlCache Behavior [ RunTime:0.000870s ]
INFO: [ app_begin ] --END-- [ RunTime:0.001044s ]
SQL: SHOW COLUMNS FROM `user` [ RunTime:0.003122s ]
SQL: SELECT * FROM `user` WHERE ( `id` = 1 ) LIMIT 1   [ RunTime:0.000300s ]
INFO: [ view_template ] --START--
INFO: Run LocationTemplate Behavior [ RunTime:0.000508s ]
INFO: [ view_template ] --END-- [ RunTime:0.000577s ]
INFO: [ view_parse ] --START--
INFO: Run ParseTemplate Behavior [ RunTime:0.022727s ]
INFO: [ view_parse ] --END-- [ RunTime:0.022817s ]
INFO: [ view_filter ] --START--
INFO: Run ContentReplace Behavior [ RunTime:0.000376s ]
INFO: Run TokenBuild Behavior [ RunTime:0.000337s ]
INFO: Run WriteHtmlCache Behavior [ RunTime:0.000230s ]
INFO: Run ShowRuntime Behavior [ RunTime:0.000477s ]
INFO: [ view_filter ] --END-- [ RunTime:0.001601s ]
INFO: [ view_end ] --START--
INFO: Run ShowPageTrace Behavior [ RunTime:0.000510s ]
INFO: [ view_end ] --END-- [ RunTime:0.000574s ]

[ 2013-02-19T10:32:04+08:00 ] 127.0.0.1 /Admin/index.php/Public/profile/?_=1361241124759
INFO: [ app_begin ] --START--
INFO: Run ReadHtmlCache Behavior [ RunTime:0.000712s ]
INFO: [ app_begin ] --END-- [ RunTime:0.000854s ]
SQL: SHOW COLUMNS FROM `user` [ RunTime:0.003367s ]
SQL: SELECT * FROM `user` WHERE ( `id` = 1 ) LIMIT 1   [ RunTime:0.000291s ]
INFO: [ view_template ] --START--
INFO: Run LocationTemplate Behavior [ RunTime:0.000468s ]
INFO: [ view_template ] --END-- [ RunTime:0.000536s ]
INFO: [ view_parse ] --START--
INFO: Run ParseTemplate Behavior [ RunTime:0.005143s ]
INFO: [ view_parse ] --END-- [ RunTime:0.005218s ]
INFO: [ view_filter ] --START--
INFO: Run ContentReplace Behavior [ RunTime:0.000287s ]
INFO: Run TokenBuild Behavior [ RunTime:0.000299s ]
INFO: Run WriteHtmlCache Behavior [ RunTime:0.000198s ]
INFO: Run ShowRuntime Behavior [ RunTime:0.000457s ]
INFO: [ view_filter ] --END-- [ RunTime:0.001410s ]
INFO: [ view_end ] --START--
INFO: Run ShowPageTrace Behavior [ RunTime:0.000429s ]
INFO: [ view_end ] --END-- [ RunTime:0.000500s ]

[ 2013-02-19T10:32:33+08:00 ] ERR: (ThinkException) 模板不存在[./Tpl/Materials/edit.html]
[ 2013-02-19T10:32:40+08:00 ] 127.0.0.1 /Admin/index.php/Node/index/?_=1361241160628
INFO: [ app_begin ] --START--
INFO: Run ReadHtmlCache Behavior [ RunTime:0.001224s ]
INFO: [ app_begin ] --END-- [ RunTime:0.001411s ]
SQL: SHOW COLUMNS FROM `group` [ RunTime:0.003641s ]
SQL: SELECT `id`,`title` FROM `group` WHERE ( status=1 )  [ RunTime:0.000581s ]
SQL: SHOW COLUMNS FROM `node` [ RunTime:0.003501s ]
NOTIC: [8] Undefined index: pid D:\www\dpms\Admin\Lib\Action\NodeAction.class.php 第 11 行.
SQL: SHOW COLUMNS FROM `node` [ RunTime:0.003167s ]
SQL: SELECT * FROM `node` WHERE ( `id` = 0 ) LIMIT 1   [ RunTime:0.000244s ]
SQL: SELECT COUNT(id) AS tp_count FROM `node` WHERE ( `pid` = 0 ) LIMIT 1   [ RunTime:0.000205s ]
SQL: SELECT * FROM `node` WHERE ( `pid` = 0 ) ORDER BY `id` desc LIMIT 0,20   [ RunTime:0.000276s ]
INFO: [ view_template ] --START--
INFO: Run LocationTemplate Behavior [ RunTime:0.000537s ]
INFO: [ view_template ] --END-- [ RunTime:0.000605s ]
INFO: [ view_parse ] --START--
NOTIC: [8] Undefined index: _order D:\www\dpms\Admin\Runtime\Cache\fc73575304ffe6a06a61dd52ee406a2c.php 第 3 行.
NOTIC: [8] Undefined index: _sort D:\www\dpms\Admin\Runtime\Cache\fc73575304ffe6a06a61dd52ee406a2c.php 第 4 行.
NOTIC: [8] Undefined index: _order D:\www\dpms\Admin\Runtime\Cache\fc73575304ffe6a06a61dd52ee406a2c.php 第 39 行.
NOTIC: [8] Undefined index: _order D:\www\dpms\Admin\Runtime\Cache\fc73575304ffe6a06a61dd52ee406a2c.php 第 40 行.
NOTIC: [8] Undefined index: _order D:\www\dpms\Admin\Runtime\Cache\fc73575304ffe6a06a61dd52ee406a2c.php 第 43 行.
NOTIC: [8] Undefined index: _order D:\www\dpms\Admin\Runtime\Cache\fc73575304ffe6a06a61dd52ee406a2c.php 第 44 行.
NOTIC: [8] Undefined index: sequence D:\www\dpms\Admin\Runtime\Cache\fc73575304ffe6a06a61dd52ee406a2c.php 第 54 行.
NOTIC: [8] Undefined index: sequence D:\www\dpms\Admin\Runtime\Cache\fc73575304ffe6a06a61dd52ee406a2c.php 第 54 行.
INFO: Run ParseTemplate Behavior [ RunTime:0.009828s ]
INFO: [ view_parse ] --END-- [ RunTime:0.009905s ]
INFO: [ view_filter ] --START--
INFO: Run ContentReplace Behavior [ RunTime:0.000447s ]
INFO: Run TokenBuild Behavior [ RunTime:0.000370s ]
INFO: Run WriteHtmlCache Behavior [ RunTime:0.000252s ]
INFO: Run ShowRuntime Behavior [ RunTime:0.000515s ]
INFO: [ view_filter ] --END-- [ RunTime:0.001764s ]
INFO: [ view_end ] --START--
INFO: Run ShowPageTrace Behavior [ RunTime:0.000466s ]
INFO: [ view_end ] --END-- [ RunTime:0.000529s ]

[ 2013-02-19T10:32:41+08:00 ] 127.0.0.1 /Admin/index.php/Materials/index/?_=1361241161213
INFO: [ app_begin ] --START--
INFO: Run ReadHtmlCache Behavior [ RunTime:0.000822s ]
INFO: [ app_begin ] --END-- [ RunTime:0.000958s ]
SQL: SHOW COLUMNS FROM `provider` [ RunTime:0.003318s ]
SQL: SELECT `id` FROM `provider` WHERE ( flag=1 ) LIMIT 1   [ RunTime:0.000235s ]
SQL: SHOW COLUMNS FROM `provider` [ RunTime:0.003052s ]
SQL: SELECT COUNT(id) AS tp_count FROM `provider` LIMIT 1   [ RunTime:0.000215s ]
SQL: SELECT * FROM `provider` ORDER BY `id` desc LIMIT 0,20   [ RunTime:0.000288s ]
INFO: [ view_template ] --START--
INFO: Run LocationTemplate Behavior [ RunTime:0.000479s ]
INFO: [ view_template ] --END-- [ RunTime:0.000548s ]
INFO: [ view_parse ] --START--
NOTIC: [8] Undefined index: _order D:\www\dpms\Admin\Runtime\Cache\4c3d88ae25e1912550252f07f56b2eec.php 第 3 行.
NOTIC: [8] Undefined index: _sort D:\www\dpms\Admin\Runtime\Cache\4c3d88ae25e1912550252f07f56b2eec.php 第 4 行.
NOTIC: [8] Undefined index: _order D:\www\dpms\Admin\Runtime\Cache\4c3d88ae25e1912550252f07f56b2eec.php 第 36 行.
NOTIC: [8] Undefined index: _order D:\www\dpms\Admin\Runtime\Cache\4c3d88ae25e1912550252f07f56b2eec.php 第 37 行.
NOTIC: [8] Undefined index: _order D:\www\dpms\Admin\Runtime\Cache\4c3d88ae25e1912550252f07f56b2eec.php 第 40 行.
NOTIC: [8] Undefined index: _order D:\www\dpms\Admin\Runtime\Cache\4c3d88ae25e1912550252f07f56b2eec.php 第 41 行.
INFO: Run ParseTemplate Behavior [ RunTime:0.009171s ]
INFO: [ view_parse ] --END-- [ RunTime:0.009241s ]
INFO: [ view_filter ] --START--
INFO: Run ContentReplace Behavior [ RunTime:0.000312s ]
INFO: Run TokenBuild Behavior [ RunTime:0.000300s ]
INFO: Run WriteHtmlCache Behavior [ RunTime:0.000198s ]
INFO: Run ShowRuntime Behavior [ RunTime:0.000463s ]
INFO: [ view_filter ] --END-- [ RunTime:0.001440s ]
INFO: [ view_end ] --START--
INFO: Run ShowPageTrace Behavior [ RunTime:0.000407s ]
INFO: [ view_end ] --END-- [ RunTime:0.000468s ]

[ 2013-02-19T10:32:46+08:00 ] 127.0.0.1 /Admin/index.php/Materials/add?_=1361241166391
INFO: [ app_begin ] --START--
INFO: Run ReadHtmlCache Behavior [ RunTime:0.000450s ]
INFO: [ app_begin ] --END-- [ RunTime:0.000528s ]
INFO: [ view_template ] --START--
INFO: Run LocationTemplate Behavior [ RunTime:0.000411s ]
INFO: [ view_template ] --END-- [ RunTime:0.000506s ]
INFO: [ view_parse ] --START--
NOTIC: [8] Undefined variable: list D:\www\dpms\Admin\Runtime\Cache\9a3e693f0bd53e803e133d0808eaca5c.php 第 19 行.
INFO: Run ParseTemplate Behavior [ RunTime:0.009647s ]
INFO: [ view_parse ] --END-- [ RunTime:0.009726s ]
INFO: [ view_filter ] --START--
INFO: Run ContentReplace Behavior [ RunTime:0.000383s ]
INFO: Run TokenBuild Behavior [ RunTime:0.000564s ]
INFO: Run WriteHtmlCache Behavior [ RunTime:0.000520s ]
INFO: Run ShowRuntime Behavior [ RunTime:0.000558s ]
INFO: [ view_filter ] --END-- [ RunTime:0.002294s ]
INFO: [ view_end ] --START--
INFO: Run ShowPageTrace Behavior [ RunTime:0.000551s ]
INFO: [ view_end ] --END-- [ RunTime:0.000632s ]

[ 2013-02-19T10:32:57+08:00 ] ERR: (ThinkException) 模板不存在[./Tpl/Materials/edit.html]
[ 2013-02-19T10:33:07+08:00 ] 127.0.0.1 /Admin/index.php/Materials
INFO: [ app_begin ] --START--
INFO: Run ReadHtmlCache Behavior [ RunTime:0.000770s ]
INFO: [ app_begin ] --END-- [ RunTime:0.000927s ]
SQL: SHOW COLUMNS FROM `provider` [ RunTime:0.003792s ]
SQL: SELECT `id` FROM `provider` WHERE ( flag=1 ) LIMIT 1   [ RunTime:0.000398s ]
SQL: SHOW COLUMNS FROM `provider` [ RunTime:0.003443s ]
SQL: SELECT COUNT(id) AS tp_count FROM `provider` LIMIT 1   [ RunTime:0.000317s ]
SQL: SELECT * FROM `provider` ORDER BY `id` desc LIMIT 0,20   [ RunTime:0.000426s ]
INFO: [ view_template ] --START--
INFO: Run LocationTemplate Behavior [ RunTime:0.000427s ]
INFO: [ view_template ] --END-- [ RunTime:0.000499s ]
INFO: [ view_parse ] --START--
INFO: Run ParseTemplate Behavior [ RunTime:0.008614s ]
INFO: [ view_parse ] --END-- [ RunTime:0.008697s ]
INFO: [ view_filter ] --START--
INFO: Run ContentReplace Behavior [ RunTime:0.000378s ]
INFO: Run TokenBuild Behavior [ RunTime:0.000362s ]
INFO: Run WriteHtmlCache Behavior [ RunTime:0.000225s ]
INFO: Run ShowRuntime Behavior [ RunTime:0.000484s ]
INFO: [ view_filter ] --END-- [ RunTime:0.001636s ]
INFO: [ view_end ] --START--
INFO: Run ShowPageTrace Behavior [ RunTime:0.000458s ]
INFO: [ view_end ] --END-- [ RunTime:0.000521s ]

[ 2013-02-19T10:33:07+08:00 ] 127.0.0.1 /Admin/index.php/Materials
INFO: [ app_begin ] --START--
INFO: Run ReadHtmlCache Behavior [ RunTime:0.001013s ]
INFO: [ app_begin ] --END-- [ RunTime:0.001190s ]
SQL: SHOW COLUMNS FROM `provider` [ RunTime:0.003021s ]
SQL: SELECT `id` FROM `provider` WHERE ( flag=1 ) LIMIT 1   [ RunTime:0.000224s ]
SQL: SHOW COLUMNS FROM `provider` [ RunTime:0.002901s ]
SQL: SELECT COUNT(id) AS tp_count FROM `provider` LIMIT 1   [ RunTime:0.000264s ]
SQL: SELECT * FROM `provider` ORDER BY `id` desc LIMIT 0,20   [ RunTime:0.000321s ]
INFO: [ view_template ] --START--
INFO: Run LocationTemplate Behavior [ RunTime:0.000401s ]
INFO: [ view_template ] --END-- [ RunTime:0.000475s ]
INFO: [ view_parse ] --START--
INFO: Run ParseTemplate Behavior [ RunTime:0.008593s ]
INFO: [ view_parse ] --END-- [ RunTime:0.008673s ]
INFO: [ view_filter ] --START--
INFO: Run ContentReplace Behavior [ RunTime:0.000308s ]
INFO: Run TokenBuild Behavior [ RunTime:0.000302s ]
INFO: Run WriteHtmlCache Behavior [ RunTime:0.000212s ]
INFO: Run ShowRuntime Behavior [ RunTime:0.000481s ]
INFO: [ view_filter ] --END-- [ RunTime:0.001480s ]
INFO: [ view_end ] --START--
INFO: Run ShowPageTrace Behavior [ RunTime:0.000495s ]
INFO: [ view_end ] --END-- [ RunTime:0.000568s ]

[ 2013-02-19T10:33:08+08:00 ] 127.0.0.1 /Admin/index.php/Materials
INFO: [ app_begin ] --START--
INFO: Run ReadHtmlCache Behavior [ RunTime:0.001331s ]
INFO: [ app_begin ] --END-- [ RunTime:0.001508s ]
SQL: SHOW COLUMNS FROM `provider` [ RunTime:0.003049s ]
SQL: SELECT `id` FROM `provider` WHERE ( flag=1 ) LIMIT 1   [ RunTime:0.000307s ]
SQL: SHOW COLUMNS FROM `provider` [ RunTime:0.003418s ]
SQL: SELECT COUNT(id) AS tp_count FROM `provider` LIMIT 1   [ RunTime:0.000320s ]
SQL: SELECT * FROM `provider` ORDER BY `id` desc LIMIT 0,20   [ RunTime:0.000299s ]
INFO: [ view_template ] --START--
INFO: Run LocationTemplate Behavior [ RunTime:0.000376s ]
INFO: [ view_template ] --END-- [ RunTime:0.000444s ]
INFO: [ view_parse ] --START--
INFO: Run ParseTemplate Behavior [ RunTime:0.008586s ]
INFO: [ view_parse ] --END-- [ RunTime:0.008673s ]
INFO: [ view_filter ] --START--
INFO: Run ContentReplace Behavior [ RunTime:0.000335s ]
INFO: Run TokenBuild Behavior [ RunTime:0.000317s ]
INFO: Run WriteHtmlCache Behavior [ RunTime:0.000240s ]
INFO: Run ShowRuntime Behavior [ RunTime:0.000511s ]
INFO: [ view_filter ] --END-- [ RunTime:0.001591s ]
INFO: [ view_end ] --START--
INFO: Run ShowPageTrace Behavior [ RunTime:0.000455s ]
INFO: [ view_end ] --END-- [ RunTime:0.000521s ]

[ 2013-02-19T10:33:16+08:00 ] 127.0.0.1 /Admin/index.php/Node/index/?_=1361241196493
INFO: [ app_begin ] --START--
INFO: Run ReadHtmlCache Behavior [ RunTime:0.000954s ]
INFO: [ app_begin ] --END-- [ RunTime:0.001170s ]
SQL: SHOW COLUMNS FROM `group` [ RunTime:0.003177s ]
SQL: SELECT `id`,`title` FROM `group` WHERE ( status=1 )  [ RunTime:0.000213s ]
SQL: SHOW COLUMNS FROM `node` [ RunTime:0.002876s ]
NOTIC: [8] Undefined index: pid D:\www\dpms\Admin\Lib\Action\NodeAction.class.php 第 11 行.
SQL: SHOW COLUMNS FROM `node` [ RunTime:0.002706s ]
SQL: SELECT * FROM `node` WHERE ( `id` = 0 ) LIMIT 1   [ RunTime:0.000229s ]
SQL: SELECT COUNT(id) AS tp_count FROM `node` WHERE ( `pid` = 0 ) LIMIT 1   [ RunTime:0.000229s ]
SQL: SELECT * FROM `node` WHERE ( `pid` = 0 ) ORDER BY `id` desc LIMIT 0,20   [ RunTime:0.000386s ]
INFO: [ view_template ] --START--
INFO: Run LocationTemplate Behavior [ RunTime:0.000449s ]
INFO: [ view_template ] --END-- [ RunTime:0.000523s ]
INFO: [ view_parse ] --START--
NOTIC: [8] Undefined index: _order D:\www\dpms\Admin\Runtime\Cache\fc73575304ffe6a06a61dd52ee406a2c.php 第 3 行.
NOTIC: [8] Undefined index: _sort D:\www\dpms\Admin\Runtime\Cache\fc73575304ffe6a06a61dd52ee406a2c.php 第 4 行.
NOTIC: [8] Undefined index: _order D:\www\dpms\Admin\Runtime\Cache\fc73575304ffe6a06a61dd52ee406a2c.php 第 39 行.
NOTIC: [8] Undefined index: _order D:\www\dpms\Admin\Runtime\Cache\fc73575304ffe6a06a61dd52ee406a2c.php 第 40 行.
NOTIC: [8] Undefined index: _order D:\www\dpms\Admin\Runtime\Cache\fc73575304ffe6a06a61dd52ee406a2c.php 第 43 行.
NOTIC: [8] Undefined index: _order D:\www\dpms\Admin\Runtime\Cache\fc73575304ffe6a06a61dd52ee406a2c.php 第 44 行.
NOTIC: [8] Undefined index: sequence D:\www\dpms\Admin\Runtime\Cache\fc73575304ffe6a06a61dd52ee406a2c.php 第 54 行.
NOTIC: [8] Undefined index: sequence D:\www\dpms\Admin\Runtime\Cache\fc73575304ffe6a06a61dd52ee406a2c.php 第 54 行.
INFO: Run ParseTemplate Behavior [ RunTime:0.009835s ]
INFO: [ view_parse ] --END-- [ RunTime:0.009907s ]
INFO: [ view_filter ] --START--
INFO: Run ContentReplace Behavior [ RunTime:0.000323s ]
INFO: Run TokenBuild Behavior [ RunTime:0.000305s ]
INFO: Run WriteHtmlCache Behavior [ RunTime:0.000202s ]
INFO: Run ShowRuntime Behavior [ RunTime:0.000490s ]
INFO: [ view_filter ] --END-- [ RunTime:0.001496s ]
INFO: [ view_end ] --START--
INFO: Run ShowPageTrace Behavior [ RunTime:0.000573s ]
INFO: [ view_end ] --END-- [ RunTime:0.000658s ]

[ 2013-02-19T10:33:32+08:00 ] 127.0.0.1 /Admin/index.php/Materials/index/?_=1361241212753
INFO: [ app_begin ] --START--
INFO: Run ReadHtmlCache Behavior [ RunTime:0.000406s ]
INFO: [ app_begin ] --END-- [ RunTime:0.000476s ]
SQL: SHOW COLUMNS FROM `provider` [ RunTime:0.005131s ]
SQL: SELECT `id` FROM `provider` WHERE ( flag=1 ) LIMIT 1   [ RunTime:0.000472s ]
SQL: SHOW COLUMNS FROM `provider` [ RunTime:0.003751s ]
SQL: SELECT COUNT(id) AS tp_count FROM `provider` LIMIT 1   [ RunTime:0.000360s ]
SQL: SELECT * FROM `provider` ORDER BY `id` desc LIMIT 0,20   [ RunTime:0.000454s ]
INFO: [ view_template ] --START--
INFO: Run LocationTemplate Behavior [ RunTime:0.000561s ]
INFO: [ view_template ] --END-- [ RunTime:0.000651s ]
INFO: [ view_parse ] --START--
NOTIC: [8] Undefined index: _order D:\www\dpms\Admin\Runtime\Cache\4c3d88ae25e1912550252f07f56b2eec.php 第 3 行.
NOTIC: [8] Undefined index: _sort D:\www\dpms\Admin\Runtime\Cache\4c3d88ae25e1912550252f07f56b2eec.php 第 4 行.
NOTIC: [8] Undefined index: _order D:\www\dpms\Admin\Runtime\Cache\4c3d88ae25e1912550252f07f56b2eec.php 第 36 行.
NOTIC: [8] Undefined index: _order D:\www\dpms\Admin\Runtime\Cache\4c3d88ae25e1912550252f07f56b2eec.php 第 37 行.
NOTIC: [8] Undefined index: _order D:\www\dpms\Admin\Runtime\Cache\4c3d88ae25e1912550252f07f56b2eec.php 第 40 行.
NOTIC: [8] Undefined index: _order D:\www\dpms\Admin\Runtime\Cache\4c3d88ae25e1912550252f07f56b2eec.php 第 41 行.
INFO: Run ParseTemplate Behavior [ RunTime:0.009026s ]
INFO: [ view_parse ] --END-- [ RunTime:0.009114s ]
INFO: [ view_filter ] --START--
INFO: Run ContentReplace Behavior [ RunTime:0.000455s ]
INFO: Run TokenBuild Behavior [ RunTime:0.000376s ]
INFO: Run WriteHtmlCache Behavior [ RunTime:0.000219s ]
INFO: Run ShowRuntime Behavior [ RunTime:0.000506s ]
INFO: [ view_filter ] --END-- [ RunTime:0.001738s ]
INFO: [ view_end ] --START--
INFO: Run ShowPageTrace Behavior [ RunTime:0.000468s ]
INFO: [ view_end ] --END-- [ RunTime:0.000532s ]

[ 2013-02-19T10:33:51+08:00 ] 127.0.0.1 /Admin/index.php/Materials/add?_=1361241231666
INFO: [ app_begin ] --START--
INFO: Run ReadHtmlCache Behavior [ RunTime:0.000564s ]
INFO: [ app_begin ] --END-- [ RunTime:0.000640s ]
INFO: [ view_template ] --START--
INFO: Run LocationTemplate Behavior [ RunTime:0.000832s ]
INFO: [ view_template ] --END-- [ RunTime:0.001001s ]
INFO: [ view_parse ] --START--
NOTIC: [8] Undefined variable: list D:\www\dpms\Admin\Runtime\Cache\9a3e693f0bd53e803e133d0808eaca5c.php 第 19 行.
INFO: Run ParseTemplate Behavior [ RunTime:0.009227s ]
INFO: [ view_parse ] --END-- [ RunTime:0.009314s ]
INFO: [ view_filter ] --START--
INFO: Run ContentReplace Behavior [ RunTime:0.000354s ]
INFO: Run TokenBuild Behavior [ RunTime:0.000317s ]
INFO: Run WriteHtmlCache Behavior [ RunTime:0.000296s ]
INFO: Run ShowRuntime Behavior [ RunTime:0.000544s ]
INFO: [ view_filter ] --END-- [ RunTime:0.001728s ]
INFO: [ view_end ] --START--
INFO: Run ShowPageTrace Behavior [ RunTime:0.000548s ]
INFO: [ view_end ] --END-- [ RunTime:0.000635s ]

