[ 2013-02-20T09:43:10+08:00 ] 127.0.0.1 /Admin/index.php/Index/index
INFO: [ view_template ] --START--
INFO: Run LocationTemplate Behavior [ RunTime:0.001217s ]
INFO: [ view_template ] --END-- [ RunTime:0.001397s ]
INFO: [ view_parse ] --START--
INFO: Run ParseTemplate Behavior [ RunTime:0.034675s ]
INFO: [ view_parse ] --END-- [ RunTime:0.034880s ]
INFO: [ view_filter ] --START--
INFO: Run ContentReplace Behavior [ RunTime:0.000786s ]
INFO: Run TokenBuild Behavior [ RunTime:0.000888s ]
INFO: Run WriteHtmlCache Behavior [ RunTime:0.000676s ]
INFO: Run ShowRuntime Behavior [ RunTime:0.000823s ]
INFO: [ view_filter ] --END-- [ RunTime:0.003762s ]
INFO: [ view_end ] --START--
INFO: Run ShowPageTrace Behavior [ RunTime:0.000929s ]
INFO: [ view_end ] --END-- [ RunTime:0.001095s ]

[ 2013-02-20T09:51:20+08:00 ] 127.0.0.1 /Admin/index.php/Materials/index/?_=1361325080174
INFO: [ app_begin ] --START--
INFO: Run ReadHtmlCache Behavior [ RunTime:0.001221s ]
INFO: [ app_begin ] --END-- [ RunTime:0.001418s ]
SQL: SHOW COLUMNS FROM `provider` [ RunTime:0.039022s ]
SQL: SELECT `id` FROM `provider` WHERE ( flag=1 ) LIMIT 1   [ RunTime:0.000269s ]
SQL: SHOW COLUMNS FROM `provider` [ RunTime:0.006170s ]
SQL: SELECT COUNT(id) AS tp_count FROM `provider` LIMIT 1   [ RunTime:0.000447s ]
SQL: SELECT * FROM `provider` ORDER BY `id` desc LIMIT 0,20   [ RunTime:0.000559s ]
INFO: [ view_template ] --START--
INFO: Run LocationTemplate Behavior [ RunTime:0.001369s ]
INFO: [ view_template ] --END-- [ RunTime:0.001526s ]
INFO: [ view_parse ] --START--
NOTIC: [8] Undefined index: _order D:\www\ddpms\Admin\Runtime\Cache\4c3d88ae25e1912550252f07f56b2eec.php 第 3 行.
NOTIC: [8] Undefined index: _sort D:\www\ddpms\Admin\Runtime\Cache\4c3d88ae25e1912550252f07f56b2eec.php 第 4 行.
NOTIC: [8] Undefined index: _order D:\www\ddpms\Admin\Runtime\Cache\4c3d88ae25e1912550252f07f56b2eec.php 第 36 行.
NOTIC: [8] Undefined index: _order D:\www\ddpms\Admin\Runtime\Cache\4c3d88ae25e1912550252f07f56b2eec.php 第 37 行.
NOTIC: [8] Undefined index: _order D:\www\ddpms\Admin\Runtime\Cache\4c3d88ae25e1912550252f07f56b2eec.php 第 40 行.
NOTIC: [8] Undefined index: _order D:\www\ddpms\Admin\Runtime\Cache\4c3d88ae25e1912550252f07f56b2eec.php 第 41 行.
INFO: Run ParseTemplate Behavior [ RunTime:0.027651s ]
INFO: [ view_parse ] --END-- [ RunTime:0.027790s ]
INFO: [ view_filter ] --START--
INFO: Run ContentReplace Behavior [ RunTime:0.000781s ]
INFO: Run TokenBuild Behavior [ RunTime:0.000751s ]
INFO: Run WriteHtmlCache Behavior [ RunTime:0.000544s ]
INFO: Run ShowRuntime Behavior [ RunTime:0.001082s ]
INFO: [ view_filter ] --END-- [ RunTime:0.003528s ]
INFO: [ view_end ] --START--
INFO: Run ShowPageTrace Behavior [ RunTime:0.001687s ]
INFO: [ view_end ] --END-- [ RunTime:0.001937s ]

[ 2013-02-20T09:51:25+08:00 ] 127.0.0.1 /Admin/index.php/Materials/add?_=1361325085209
INFO: [ app_begin ] --START--
INFO: Run ReadHtmlCache Behavior [ RunTime:0.000595s ]
INFO: [ app_begin ] --END-- [ RunTime:0.000688s ]
INFO: [ view_template ] --START--
INFO: Run LocationTemplate Behavior [ RunTime:0.000965s ]
INFO: [ view_template ] --END-- [ RunTime:0.001104s ]
INFO: [ view_parse ] --START--
NOTIC: [8] Undefined variable: list D:\www\ddpms\Admin\Runtime\Cache\9a3e693f0bd53e803e133d0808eaca5c.php 第 19 行.
INFO: Run ParseTemplate Behavior [ RunTime:0.018399s ]
INFO: [ view_parse ] --END-- [ RunTime:0.018514s ]
INFO: [ view_filter ] --START--
INFO: Run ContentReplace Behavior [ RunTime:0.004545s ]
INFO: Run TokenBuild Behavior [ RunTime:0.000687s ]
INFO: Run WriteHtmlCache Behavior [ RunTime:0.000456s ]
INFO: Run ShowRuntime Behavior [ RunTime:0.000720s ]
INFO: [ view_filter ] --END-- [ RunTime:0.006742s ]
INFO: [ view_end ] --START--
INFO: Run ShowPageTrace Behavior [ RunTime:0.000807s ]
INFO: [ view_end ] --END-- [ RunTime:0.000928s ]

[ 2013-02-20T09:51:34+08:00 ] 127.0.0.1 /Admin/index.php/Materials
INFO: [ app_begin ] --START--
INFO: Run ReadHtmlCache Behavior [ RunTime:0.000422s ]
INFO: [ app_begin ] --END-- [ RunTime:0.000490s ]
SQL: SHOW COLUMNS FROM `provider` [ RunTime:0.003268s ]
SQL: SELECT `id` FROM `provider` WHERE ( flag=1 ) LIMIT 1   [ RunTime:0.000271s ]
SQL: SHOW COLUMNS FROM `provider` [ RunTime:0.003528s ]
SQL: SELECT COUNT(id) AS tp_count FROM `provider` LIMIT 1   [ RunTime:0.000360s ]
SQL: SELECT * FROM `provider` ORDER BY `id` desc LIMIT 0,20   [ RunTime:0.000388s ]
INFO: [ view_template ] --START--
INFO: Run LocationTemplate Behavior [ RunTime:0.000455s ]
INFO: [ view_template ] --END-- [ RunTime:0.000530s ]
INFO: [ view_parse ] --START--
NOTIC: [8] Undefined index: _order D:\www\ddpms\Admin\Runtime\Cache\4c3d88ae25e1912550252f07f56b2eec.php 第 3 行.
NOTIC: [8] Undefined index: _sort D:\www\ddpms\Admin\Runtime\Cache\4c3d88ae25e1912550252f07f56b2eec.php 第 4 行.
NOTIC: [8] Undefined index: _order D:\www\ddpms\Admin\Runtime\Cache\4c3d88ae25e1912550252f07f56b2eec.php 第 36 行.
NOTIC: [8] Undefined index: _order D:\www\ddpms\Admin\Runtime\Cache\4c3d88ae25e1912550252f07f56b2eec.php 第 37 行.
NOTIC: [8] Undefined index: _order D:\www\ddpms\Admin\Runtime\Cache\4c3d88ae25e1912550252f07f56b2eec.php 第 40 行.
NOTIC: [8] Undefined index: _order D:\www\ddpms\Admin\Runtime\Cache\4c3d88ae25e1912550252f07f56b2eec.php 第 41 行.
INFO: Run ParseTemplate Behavior [ RunTime:0.009109s ]
INFO: [ view_parse ] --END-- [ RunTime:0.009284s ]
INFO: [ view_filter ] --START--
INFO: Run ContentReplace Behavior [ RunTime:0.000483s ]
INFO: Run TokenBuild Behavior [ RunTime:0.000387s ]
INFO: Run WriteHtmlCache Behavior [ RunTime:0.000243s ]
INFO: Run ShowRuntime Behavior [ RunTime:0.000505s ]
INFO: [ view_filter ] --END-- [ RunTime:0.001838s ]
INFO: [ view_end ] --START--
INFO: Run ShowPageTrace Behavior [ RunTime:0.000571s ]
INFO: [ view_end ] --END-- [ RunTime:0.000644s ]

[ 2013-02-20T09:51:57+08:00 ] 127.0.0.1 /Admin/index.php/Node/index/?_=1361325117526
INFO: [ app_begin ] --START--
INFO: Run ReadHtmlCache Behavior [ RunTime:0.000511s ]
INFO: [ app_begin ] --END-- [ RunTime:0.000606s ]
SQL: SHOW COLUMNS FROM `group` [ RunTime:0.033785s ]
SQL: SELECT `id`,`title` FROM `group` WHERE ( status=1 )  [ RunTime:0.000364s ]
SQL: SHOW COLUMNS FROM `node` [ RunTime:0.003202s ]
NOTIC: [8] Undefined index: pid D:\www\ddpms\Admin\Lib\Action\NodeAction.class.php 第 11 行.
SQL: SHOW COLUMNS FROM `node` [ RunTime:0.002961s ]
SQL: SELECT * FROM `node` WHERE ( `id` = 0 ) LIMIT 1   [ RunTime:0.000281s ]
SQL: SELECT COUNT(id) AS tp_count FROM `node` WHERE ( `pid` = 0 ) LIMIT 1   [ RunTime:0.000212s ]
SQL: SELECT * FROM `node` WHERE ( `pid` = 0 ) ORDER BY `id` desc LIMIT 0,20   [ RunTime:0.000265s ]
INFO: [ view_template ] --START--
INFO: Run LocationTemplate Behavior [ RunTime:0.005320s ]
INFO: [ view_template ] --END-- [ RunTime:0.005410s ]
INFO: [ view_parse ] --START--
NOTIC: [8] Undefined index: _order D:\www\ddpms\Admin\Runtime\Cache\fc73575304ffe6a06a61dd52ee406a2c.php 第 3 行.
NOTIC: [8] Undefined index: _sort D:\www\ddpms\Admin\Runtime\Cache\fc73575304ffe6a06a61dd52ee406a2c.php 第 4 行.
NOTIC: [8] Undefined index: _order D:\www\ddpms\Admin\Runtime\Cache\fc73575304ffe6a06a61dd52ee406a2c.php 第 39 行.
NOTIC: [8] Undefined index: _order D:\www\ddpms\Admin\Runtime\Cache\fc73575304ffe6a06a61dd52ee406a2c.php 第 40 行.
NOTIC: [8] Undefined index: _order D:\www\ddpms\Admin\Runtime\Cache\fc73575304ffe6a06a61dd52ee406a2c.php 第 43 行.
NOTIC: [8] Undefined index: _order D:\www\ddpms\Admin\Runtime\Cache\fc73575304ffe6a06a61dd52ee406a2c.php 第 44 行.
SQL: SHOW COLUMNS FROM `group` [ RunTime:0.004728s ]
SQL: SELECT `id`,`title` FROM `group`  [ RunTime:0.000309s ]
NOTIC: [8] Undefined index: sequence D:\www\ddpms\Admin\Runtime\Cache\fc73575304ffe6a06a61dd52ee406a2c.php 第 54 行.
NOTIC: [8] Undefined index: sequence D:\www\ddpms\Admin\Runtime\Cache\fc73575304ffe6a06a61dd52ee406a2c.php 第 54 行.
INFO: Run ParseTemplate Behavior [ RunTime:0.023677s ]
INFO: [ view_parse ] --END-- [ RunTime:0.023751s ]
INFO: [ view_filter ] --START--
INFO: Run ContentReplace Behavior [ RunTime:0.000475s ]
INFO: Run TokenBuild Behavior [ RunTime:0.000369s ]
INFO: Run WriteHtmlCache Behavior [ RunTime:0.000210s ]
INFO: Run ShowRuntime Behavior [ RunTime:0.000499s ]
INFO: [ view_filter ] --END-- [ RunTime:0.001730s ]
INFO: [ view_end ] --START--
INFO: Run ShowPageTrace Behavior [ RunTime:0.000427s ]
INFO: [ view_end ] --END-- [ RunTime:0.000487s ]

[ 2013-02-20T09:51:59+08:00 ] 127.0.0.1 /Admin/index.php/Materials/index/?_=1361325119774
INFO: [ app_begin ] --START--
INFO: Run ReadHtmlCache Behavior [ RunTime:0.000419s ]
INFO: [ app_begin ] --END-- [ RunTime:0.000510s ]
SQL: SHOW COLUMNS FROM `provider` [ RunTime:0.004470s ]
SQL: SELECT `id` FROM `provider` WHERE ( flag=1 ) LIMIT 1   [ RunTime:0.000307s ]
SQL: SHOW COLUMNS FROM `provider` [ RunTime:0.004209s ]
SQL: SELECT COUNT(id) AS tp_count FROM `provider` LIMIT 1   [ RunTime:0.000342s ]
SQL: SELECT * FROM `provider` ORDER BY `id` desc LIMIT 0,20   [ RunTime:0.000293s ]
INFO: [ view_template ] --START--
INFO: Run LocationTemplate Behavior [ RunTime:0.000425s ]
INFO: [ view_template ] --END-- [ RunTime:0.000504s ]
INFO: [ view_parse ] --START--
NOTIC: [8] Undefined index: _order D:\www\ddpms\Admin\Runtime\Cache\4c3d88ae25e1912550252f07f56b2eec.php 第 3 行.
NOTIC: [8] Undefined index: _sort D:\www\ddpms\Admin\Runtime\Cache\4c3d88ae25e1912550252f07f56b2eec.php 第 4 行.
NOTIC: [8] Undefined index: _order D:\www\ddpms\Admin\Runtime\Cache\4c3d88ae25e1912550252f07f56b2eec.php 第 36 行.
NOTIC: [8] Undefined index: _order D:\www\ddpms\Admin\Runtime\Cache\4c3d88ae25e1912550252f07f56b2eec.php 第 37 行.
NOTIC: [8] Undefined index: _order D:\www\ddpms\Admin\Runtime\Cache\4c3d88ae25e1912550252f07f56b2eec.php 第 40 行.
NOTIC: [8] Undefined index: _order D:\www\ddpms\Admin\Runtime\Cache\4c3d88ae25e1912550252f07f56b2eec.php 第 41 行.
INFO: Run ParseTemplate Behavior [ RunTime:0.009465s ]
INFO: [ view_parse ] --END-- [ RunTime:0.009542s ]
INFO: [ view_filter ] --START--
INFO: Run ContentReplace Behavior [ RunTime:0.000351s ]
INFO: Run TokenBuild Behavior [ RunTime:0.000308s ]
INFO: Run WriteHtmlCache Behavior [ RunTime:0.000223s ]
INFO: Run ShowRuntime Behavior [ RunTime:0.000492s ]
INFO: [ view_filter ] --END-- [ RunTime:0.001552s ]
INFO: [ view_end ] --START--
INFO: Run ShowPageTrace Behavior [ RunTime:0.000505s ]
INFO: [ view_end ] --END-- [ RunTime:0.000574s ]

[ 2013-02-20T10:00:50+08:00 ] 127.0.0.1 /Admin/index.php/Node/index/?_=1361325650118
INFO: [ app_begin ] --START--
INFO: Run ReadHtmlCache Behavior [ RunTime:0.000824s ]
INFO: [ app_begin ] --END-- [ RunTime:0.000924s ]
SQL: SHOW COLUMNS FROM `group` [ RunTime:0.003014s ]
SQL: SELECT `id`,`title` FROM `group` WHERE ( status=1 )  [ RunTime:0.000222s ]
SQL: SHOW COLUMNS FROM `node` [ RunTime:0.002798s ]
NOTIC: [8] Undefined index: pid D:\www\ddpms\Admin\Lib\Action\NodeAction.class.php 第 11 行.
SQL: SHOW COLUMNS FROM `node` [ RunTime:0.002930s ]
SQL: SELECT * FROM `node` WHERE ( `id` = 0 ) LIMIT 1   [ RunTime:0.000231s ]
SQL: SELECT COUNT(id) AS tp_count FROM `node` WHERE ( `pid` = 0 ) LIMIT 1   [ RunTime:0.000200s ]
SQL: SELECT * FROM `node` WHERE ( `pid` = 0 ) ORDER BY `id` desc LIMIT 0,20   [ RunTime:0.000292s ]
INFO: [ view_template ] --START--
INFO: Run LocationTemplate Behavior [ RunTime:0.000663s ]
INFO: [ view_template ] --END-- [ RunTime:0.000731s ]
INFO: [ view_parse ] --START--
NOTIC: [8] Undefined index: _order D:\www\ddpms\Admin\Runtime\Cache\fc73575304ffe6a06a61dd52ee406a2c.php 第 3 行.
NOTIC: [8] Undefined index: _sort D:\www\ddpms\Admin\Runtime\Cache\fc73575304ffe6a06a61dd52ee406a2c.php 第 4 行.
NOTIC: [8] Undefined index: _order D:\www\ddpms\Admin\Runtime\Cache\fc73575304ffe6a06a61dd52ee406a2c.php 第 39 行.
NOTIC: [8] Undefined index: _order D:\www\ddpms\Admin\Runtime\Cache\fc73575304ffe6a06a61dd52ee406a2c.php 第 40 行.
NOTIC: [8] Undefined index: _order D:\www\ddpms\Admin\Runtime\Cache\fc73575304ffe6a06a61dd52ee406a2c.php 第 43 行.
NOTIC: [8] Undefined index: _order D:\www\ddpms\Admin\Runtime\Cache\fc73575304ffe6a06a61dd52ee406a2c.php 第 44 行.
NOTIC: [8] Undefined index: sequence D:\www\ddpms\Admin\Runtime\Cache\fc73575304ffe6a06a61dd52ee406a2c.php 第 54 行.
NOTIC: [8] Undefined index: sequence D:\www\ddpms\Admin\Runtime\Cache\fc73575304ffe6a06a61dd52ee406a2c.php 第 54 行.
INFO: Run ParseTemplate Behavior [ RunTime:0.010606s ]
INFO: [ view_parse ] --END-- [ RunTime:0.010678s ]
INFO: [ view_filter ] --START--
INFO: Run ContentReplace Behavior [ RunTime:0.000566s ]
INFO: Run TokenBuild Behavior [ RunTime:0.000507s ]
INFO: Run WriteHtmlCache Behavior [ RunTime:0.000387s ]
INFO: Run ShowRuntime Behavior [ RunTime:0.000641s ]
INFO: [ view_filter ] --END-- [ RunTime:0.002301s ]
INFO: [ view_end ] --START--
INFO: Run ShowPageTrace Behavior [ RunTime:0.000605s ]
INFO: [ view_end ] --END-- [ RunTime:0.000678s ]

[ 2013-02-20T10:00:52+08:00 ] 127.0.0.1 /Admin/index.php/Node/edit/id/85?_=1361325652345
INFO: [ app_begin ] --START--
INFO: Run ReadHtmlCache Behavior [ RunTime:0.000449s ]
INFO: [ app_begin ] --END-- [ RunTime:0.000522s ]
SQL: SHOW COLUMNS FROM `group` [ RunTime:0.003738s ]
SQL: SELECT * FROM `group` WHERE ( status=1 )  [ RunTime:0.000312s ]
SQL: SHOW COLUMNS FROM `node` [ RunTime:0.003419s ]
SQL: SELECT * FROM `node` WHERE ( `id` = 85 ) LIMIT 1   [ RunTime:0.000307s ]
INFO: [ view_template ] --START--
INFO: Run LocationTemplate Behavior [ RunTime:0.002033s ]
INFO: [ view_template ] --END-- [ RunTime:0.002177s ]
INFO: [ view_parse ] --START--
INFO: Run ParseTemplate Behavior [ RunTime:0.016971s ]
INFO: [ view_parse ] --END-- [ RunTime:0.017078s ]
INFO: [ view_filter ] --START--
INFO: Run ContentReplace Behavior [ RunTime:0.000423s ]
INFO: Run TokenBuild Behavior [ RunTime:0.000487s ]
INFO: Run WriteHtmlCache Behavior [ RunTime:0.000297s ]
INFO: Run ShowRuntime Behavior [ RunTime:0.000616s ]
INFO: [ view_filter ] --END-- [ RunTime:0.002040s ]
INFO: [ view_end ] --START--
INFO: Run ShowPageTrace Behavior [ RunTime:0.000547s ]
INFO: [ view_end ] --END-- [ RunTime:0.000616s ]

[ 2013-02-20T14:15:44+08:00 ] 127.0.0.1 /Admin/index.php/Materials/add?_=1361340944056
INFO: [ app_begin ] --START--
INFO: Run ReadHtmlCache Behavior [ RunTime:0.004686s ]
INFO: [ app_begin ] --END-- [ RunTime:0.004856s ]
INFO: [ view_template ] --START--
INFO: Run LocationTemplate Behavior [ RunTime:0.012638s ]
INFO: [ view_template ] --END-- [ RunTime:0.012816s ]
INFO: [ view_parse ] --START--
NOTIC: [8] Undefined variable: list D:\www\ddpms\Admin\Runtime\Cache\9a3e693f0bd53e803e133d0808eaca5c.php 第 19 行.
INFO: Run ParseTemplate Behavior [ RunTime:0.075320s ]
INFO: [ view_parse ] --END-- [ RunTime:0.075471s ]
INFO: [ view_filter ] --START--
INFO: Run ContentReplace Behavior [ RunTime:0.001164s ]
INFO: Run TokenBuild Behavior [ RunTime:0.008142s ]
INFO: Run WriteHtmlCache Behavior [ RunTime:0.000976s ]
INFO: Run ShowRuntime Behavior [ RunTime:0.007338s ]
INFO: [ view_filter ] --END-- [ RunTime:0.018050s ]
INFO: [ view_end ] --START--
INFO: Run ShowPageTrace Behavior [ RunTime:0.007884s ]
INFO: [ view_end ] --END-- [ RunTime:0.008023s ]

[ 2013-02-20T14:15:52+08:00 ] ERR: (ThinkException) 模板不存在[./Tpl/Materials/edit.html]
[ 2013-02-20T14:21:02+08:00 ] 127.0.0.1 /Admin/index.php/Materials/index/?_=1361341262135
INFO: [ app_begin ] --START--
INFO: Run ReadHtmlCache Behavior [ RunTime:0.000607s ]
INFO: [ app_begin ] --END-- [ RunTime:0.000718s ]
SQL: SHOW COLUMNS FROM `provider` [ RunTime:0.039157s ]
SQL: SELECT `id` FROM `provider` WHERE ( flag=1 ) LIMIT 1   [ RunTime:0.000320s ]
SQL: SHOW COLUMNS FROM `provider` [ RunTime:0.005787s ]
SQL: SELECT COUNT(id) AS tp_count FROM `provider` LIMIT 1   [ RunTime:0.000433s ]
SQL: SELECT * FROM `provider` ORDER BY `id` desc LIMIT 0,20   [ RunTime:0.000506s ]
INFO: [ view_template ] --START--
INFO: Run LocationTemplate Behavior [ RunTime:0.001175s ]
INFO: [ view_template ] --END-- [ RunTime:0.001313s ]
INFO: [ view_parse ] --START--
NOTIC: [8] Undefined index: _order D:\www\ddpms\Admin\Runtime\Cache\4c3d88ae25e1912550252f07f56b2eec.php 第 3 行.
NOTIC: [8] Undefined index: _sort D:\www\ddpms\Admin\Runtime\Cache\4c3d88ae25e1912550252f07f56b2eec.php 第 4 行.
NOTIC: [8] Undefined index: _order D:\www\ddpms\Admin\Runtime\Cache\4c3d88ae25e1912550252f07f56b2eec.php 第 36 行.
NOTIC: [8] Undefined index: _order D:\www\ddpms\Admin\Runtime\Cache\4c3d88ae25e1912550252f07f56b2eec.php 第 37 行.
NOTIC: [8] Undefined index: _order D:\www\ddpms\Admin\Runtime\Cache\4c3d88ae25e1912550252f07f56b2eec.php 第 40 行.
NOTIC: [8] Undefined index: _order D:\www\ddpms\Admin\Runtime\Cache\4c3d88ae25e1912550252f07f56b2eec.php 第 41 行.
INFO: Run ParseTemplate Behavior [ RunTime:0.029292s ]
INFO: [ view_parse ] --END-- [ RunTime:0.029417s ]
INFO: [ view_filter ] --START--
INFO: Run ContentReplace Behavior [ RunTime:0.000643s ]
INFO: Run TokenBuild Behavior [ RunTime:0.000605s ]
INFO: Run WriteHtmlCache Behavior [ RunTime:0.000437s ]
INFO: Run ShowRuntime Behavior [ RunTime:0.000935s ]
INFO: [ view_filter ] --END-- [ RunTime:0.002909s ]
INFO: [ view_end ] --START--
INFO: Run ShowPageTrace Behavior [ RunTime:0.000813s ]
INFO: [ view_end ] --END-- [ RunTime:0.000912s ]

[ 2013-02-20T15:04:37+08:00 ] 127.0.0.1 /Admin/index.php/Index/index
INFO: [ view_template ] --START--
INFO: Run LocationTemplate Behavior [ RunTime:0.001471s ]
INFO: [ view_template ] --END-- [ RunTime:0.001639s ]
INFO: [ view_parse ] --START--
INFO: Run ParseTemplate Behavior [ RunTime:0.021437s ]
INFO: [ view_parse ] --END-- [ RunTime:0.021629s ]
INFO: [ view_filter ] --START--
INFO: Run ContentReplace Behavior [ RunTime:0.001070s ]
INFO: Run TokenBuild Behavior [ RunTime:0.001106s ]
INFO: Run WriteHtmlCache Behavior [ RunTime:0.000888s ]
INFO: Run ShowRuntime Behavior [ RunTime:0.001312s ]
INFO: [ view_filter ] --END-- [ RunTime:0.004928s ]
INFO: [ view_end ] --START--
INFO: Run ShowPageTrace Behavior [ RunTime:0.000671s ]
INFO: [ view_end ] --END-- [ RunTime:0.000754s ]

[ 2013-02-20T15:04:47+08:00 ] 127.0.0.1 /Admin/index.php/Materials/index/?_=1361343887219
INFO: [ app_begin ] --START--
INFO: Run ReadHtmlCache Behavior [ RunTime:0.000494s ]
INFO: [ app_begin ] --END-- [ RunTime:0.000734s ]
SQL: SHOW COLUMNS FROM `provider` [ RunTime:0.004412s ]
SQL: SELECT `id` FROM `provider` WHERE ( flag=1 ) LIMIT 1   [ RunTime:0.000262s ]
SQL: SHOW COLUMNS FROM `provider` [ RunTime:0.002979s ]
SQL: SELECT COUNT(id) AS tp_count FROM `provider` LIMIT 1   [ RunTime:0.000222s ]
SQL: SELECT * FROM `provider` ORDER BY `id` desc LIMIT 0,20   [ RunTime:0.000260s ]
INFO: [ view_template ] --START--
INFO: Run LocationTemplate Behavior [ RunTime:0.000599s ]
INFO: [ view_template ] --END-- [ RunTime:0.000673s ]
INFO: [ view_parse ] --START--
NOTIC: [8] Undefined index: _order D:\www\ddpms\Admin\Runtime\Cache\4c3d88ae25e1912550252f07f56b2eec.php 第 3 行.
NOTIC: [8] Undefined index: _sort D:\www\ddpms\Admin\Runtime\Cache\4c3d88ae25e1912550252f07f56b2eec.php 第 4 行.
NOTIC: [8] Undefined index: _order D:\www\ddpms\Admin\Runtime\Cache\4c3d88ae25e1912550252f07f56b2eec.php 第 36 行.
NOTIC: [8] Undefined index: _order D:\www\ddpms\Admin\Runtime\Cache\4c3d88ae25e1912550252f07f56b2eec.php 第 37 行.
NOTIC: [8] Undefined index: _order D:\www\ddpms\Admin\Runtime\Cache\4c3d88ae25e1912550252f07f56b2eec.php 第 40 行.
NOTIC: [8] Undefined index: _order D:\www\ddpms\Admin\Runtime\Cache\4c3d88ae25e1912550252f07f56b2eec.php 第 41 行.
INFO: Run ParseTemplate Behavior [ RunTime:0.010946s ]
INFO: [ view_parse ] --END-- [ RunTime:0.011022s ]
INFO: [ view_filter ] --START--
INFO: Run ContentReplace Behavior [ RunTime:0.000430s ]
INFO: Run TokenBuild Behavior [ RunTime:0.000370s ]
INFO: Run WriteHtmlCache Behavior [ RunTime:0.000279s ]
INFO: Run ShowRuntime Behavior [ RunTime:0.000556s ]
INFO: [ view_filter ] --END-- [ RunTime:0.001818s ]
INFO: [ view_end ] --START--
INFO: Run ShowPageTrace Behavior [ RunTime:0.000558s ]
INFO: [ view_end ] --END-- [ RunTime:0.000625s ]

